TN:
SF:C:\HR\Jaar 2\Software Construction\CargoHub\CargoHub\AppDbContext.cs
FN:13,get_Warehouses()
FN:14,get_Transfers()
FN:15,get_Suppliers()
FN:16,get_ItemLines()
FN:17,get_ItemGroups()
FN:18,get_Orders()
FN:19,get_Shipments()
FN:20,get_Locations()
FN:21,get_ItemTypes()
FN:22,get_Items()
FN:23,get_OrderItems()
FN:24,get_Inventory()
FN:25,get_Clients()
FN:26,get_APIKeys()
FN:30,SaveChangesAsync(System.Threading.CancellationToken)
FN:48,OnModelCreating(Microsoft.EntityFrameworkCore.ModelBuilder)
FN:90,.ctor(Microsoft.EntityFrameworkCore.DbContextOptions`1<CargoHub.AppDbContext>)
FNDA:4,get_Warehouses()
FNDA:4,get_Transfers()
FNDA:4,get_Suppliers()
FNDA:4,get_ItemLines()
FNDA:16,get_ItemGroups()
FNDA:4,get_Orders()
FNDA:4,get_Shipments()
FNDA:4,get_Locations()
FNDA:4,get_ItemTypes()
FNDA:4,get_Items()
FNDA:4,get_OrderItems()
FNDA:4,get_Inventory()
FNDA:4,get_Clients()
FNDA:4,get_APIKeys()
FNDA:5,SaveChangesAsync(System.Threading.CancellationToken)
FNDA:1,OnModelCreating(Microsoft.EntityFrameworkCore.ModelBuilder)
FNDA:12,.ctor(Microsoft.EntityFrameworkCore.DbContextOptions`1<CargoHub.AppDbContext>)
FNF:17
FNH:17
BRDA:31,31,0,1
BRDA:31,31,1,1
BRDA:33,33,2,1
BRDA:33,33,3,1
BRDA:38,38,4,1
BRDA:38,38,5,1
BRF:6
BRH:6
DA:13,4
DA:14,4
DA:15,4
DA:16,4
DA:17,16
DA:18,4
DA:19,4
DA:20,4
DA:21,4
DA:22,4
DA:23,4
DA:24,4
DA:25,4
DA:26,4
DA:30,5
DA:31,25
DA:32,5
DA:33,5
DA:34,4
DA:35,4
DA:36,4
DA:37,4
DA:38,1
DA:39,1
DA:40,1
DA:41,1
DA:42,5
DA:43,5
DA:44,5
DA:48,1
DA:49,1
DA:51,1
DA:52,1
DA:53,1
DA:54,1
DA:55,1
DA:57,1
DA:58,1
DA:59,1
DA:60,1
DA:61,1
DA:63,1
DA:64,1
DA:65,1
DA:66,1
DA:68,1
DA:69,1
DA:70,1
DA:71,1
DA:73,1
DA:74,1
DA:76,1
DA:77,1
DA:78,1
DA:79,1
DA:81,1
DA:82,1
DA:83,1
DA:84,1
DA:87,1
DA:90,12
LH:61
LF:61
end_of_record
SF:C:\HR\Jaar 2\Software Construction\CargoHub\CargoHub\Controllers\APIKeyController.cs
FN:95,HashKey(System.String)
FN:20,.ctor(CargoHub.Services.ApiKeyGeneratorService,CargoHub.AppDbContext)
FN:67,GenerateApiKey()
FN:28,GetApiKey()
FN:44,GetApiKey()
FNDA:0,HashKey(System.String)
FNDA:0,.ctor(CargoHub.Services.ApiKeyGeneratorService,CargoHub.AppDbContext)
FNDA:0,GenerateApiKey()
FNDA:0,GetApiKey()
FNDA:0,GetApiKey()
FNF:5
FNH:0
BRDA:68,68,6,-
BRDA:68,68,7,-
BRDA:68,68,8,-
BRDA:68,68,9,-
BRDA:51,51,10,-
BRDA:51,51,11,-
BRF:6
BRH:0
DA:20,0
DA:21,0
DA:22,0
DA:23,0
DA:24,0
DA:28,0
DA:29,0
DA:32,0
DA:33,0
DA:34,0
DA:35,0
DA:37,0
DA:39,0
DA:44,0
DA:45,0
DA:47,0
DA:48,0
DA:49,0
DA:51,0
DA:52,0
DA:53,0
DA:56,0
DA:57,0
DA:67,0
DA:68,0
DA:69,0
DA:70,0
DA:73,0
DA:75,0
DA:76,0
DA:77,0
DA:78,0
DA:79,0
DA:80,0
DA:81,0
DA:82,0
DA:83,0
DA:85,0
DA:86,0
DA:88,0
DA:89,0
DA:95,0
DA:96,0
DA:97,0
DA:98,0
DA:99,0
LH:0
LF:46
end_of_record
SF:C:\HR\Jaar 2\Software Construction\CargoHub\CargoHub\Controllers\ClassificationController.cs
FN:10,.ctor(CargoHub.Services.ClassificationService)
FNDA:0,.ctor(CargoHub.Services.ClassificationService)
FNF:1
FNH:0
BRF:0
BRH:0
DA:10,0
DA:11,0
DA:12,0
DA:13,0
LH:0
LF:4
end_of_record
SF:C:\HR\Jaar 2\Software Construction\CargoHub\CargoHub\Controllers\ClientController.cs
FN:15,.ctor(CargoHub.Services.ClientService)
FN:42,CreateClient()
FN:61,DeleteClient()
FN:23,GetClientById()
FN:34,GetClients()
FN:50,UpdateClient()
FNDA:0,.ctor(CargoHub.Services.ClientService)
FNDA:0,CreateClient()
FNDA:0,DeleteClient()
FNDA:0,GetClientById()
FNDA:0,GetClients()
FNDA:0,UpdateClient()
FNF:6
FNH:0
BRDA:63,63,12,-
BRDA:63,63,13,-
BRDA:25,25,14,-
BRDA:25,25,15,-
BRDA:52,52,16,-
BRDA:52,52,17,-
BRF:6
BRH:0
DA:15,0
DA:16,0
DA:17,0
DA:18,0
DA:23,0
DA:24,0
DA:25,0
DA:26,0
DA:28,0
DA:29,0
DA:34,0
DA:35,0
DA:36,0
DA:37,0
DA:42,0
DA:43,0
DA:44,0
DA:45,0
DA:50,0
DA:51,0
DA:52,0
DA:53,0
DA:55,0
DA:56,0
DA:61,0
DA:62,0
DA:63,0
DA:64,0
DA:66,0
DA:67,0
LH:0
LF:30
end_of_record
SF:C:\HR\Jaar 2\Software Construction\CargoHub\CargoHub\Controllers\InventoryController.cs
FN:15,.ctor(CargoHub.Services.InventoryService)
FN:42,CreateInventory()
FN:61,DeleteInventory()
FN:34,GetInventories()
FN:23,GetInventoryById()
FN:50,UpdateInventory()
FNDA:0,.ctor(CargoHub.Services.InventoryService)
FNDA:0,CreateInventory()
FNDA:0,DeleteInventory()
FNDA:0,GetInventories()
FNDA:0,GetInventoryById()
FNDA:0,UpdateInventory()
FNF:6
FNH:0
BRDA:63,63,18,-
BRDA:63,63,19,-
BRDA:25,25,20,-
BRDA:25,25,21,-
BRDA:52,52,22,-
BRDA:52,52,23,-
BRF:6
BRH:0
DA:15,0
DA:16,0
DA:17,0
DA:18,0
DA:23,0
DA:24,0
DA:25,0
DA:26,0
DA:28,0
DA:29,0
DA:34,0
DA:35,0
DA:36,0
DA:37,0
DA:42,0
DA:43,0
DA:44,0
DA:45,0
DA:50,0
DA:51,0
DA:52,0
DA:53,0
DA:55,0
DA:56,0
DA:61,0
DA:62,0
DA:63,0
DA:64,0
DA:66,0
DA:67,0
LH:0
LF:30
end_of_record
SF:C:\HR\Jaar 2\Software Construction\CargoHub\CargoHub\Controllers\ItemGroupsController.cs
FN:10,.ctor(CargoHub.Services.ItemGroupsService)
FN:61,DeleteItemGroup()
FN:26,GetItemGroup()
FN:21,GetMultipleItemGroups()
FN:32,PostItemGroup()
FN:55,PutItemGroup()
FNDA:0,.ctor(CargoHub.Services.ItemGroupsService)
FNDA:0,DeleteItemGroup()
FNDA:0,GetItemGroup()
FNDA:0,GetMultipleItemGroups()
FNDA:0,PostItemGroup()
FNDA:0,PutItemGroup()
FNF:6
FNH:0
BRDA:63,63,24,-
BRDA:63,63,25,-
BRDA:28,28,26,-
BRDA:28,28,27,-
BRDA:33,33,28,-
BRDA:33,33,29,-
BRDA:33,33,30,-
BRDA:33,33,31,-
BRDA:38,38,32,-
BRDA:38,38,33,-
BRDA:57,57,34,-
BRDA:57,57,35,-
BRF:12
BRH:0
DA:10,0
DA:11,0
DA:12,0
DA:13,0
DA:21,0
DA:22,0
DA:23,0
DA:26,0
DA:27,0
DA:28,0
DA:29,0
DA:32,0
DA:33,0
DA:34,0
DA:35,0
DA:37,0
DA:38,0
DA:39,0
DA:40,0
DA:41,0
DA:42,0
DA:43,0
DA:44,0
DA:45,0
DA:47,0
DA:50,0
DA:51,0
DA:55,0
DA:56,0
DA:57,0
DA:58,0
DA:61,0
DA:62,0
DA:63,0
DA:64,0
LH:0
LF:35
end_of_record
SF:C:\HR\Jaar 2\Software Construction\CargoHub\CargoHub\Controllers\ItemLinesController.cs
FN:10,.ctor(CargoHub.Services.ItemLinesService)
FN:59,DeleteItemLine()
FN:21,GetItemLine()
FN:16,GetMultipleItemGroups()
FN:27,PostItemLine()
FN:49,PutItemLine()
FNDA:0,.ctor(CargoHub.Services.ItemLinesService)
FNDA:0,DeleteItemLine()
FNDA:0,GetItemLine()
FNDA:0,GetMultipleItemGroups()
FNDA:0,PostItemLine()
FNDA:0,PutItemLine()
FNF:6
FNH:0
BRDA:61,61,36,-
BRDA:61,61,37,-
BRDA:23,23,38,-
BRDA:23,23,39,-
BRDA:28,28,40,-
BRDA:28,28,41,-
BRDA:28,28,42,-
BRDA:28,28,43,-
BRDA:33,33,44,-
BRDA:33,33,45,-
BRDA:50,50,46,-
BRDA:50,50,47,-
BRDA:50,50,48,-
BRDA:50,50,49,-
BRDA:55,55,50,-
BRDA:55,55,51,-
BRF:16
BRH:0
DA:10,0
DA:11,0
DA:12,0
DA:13,0
DA:16,0
DA:17,0
DA:18,0
DA:21,0
DA:22,0
DA:23,0
DA:24,0
DA:27,0
DA:28,0
DA:29,0
DA:30,0
DA:32,0
DA:33,0
DA:34,0
DA:35,0
DA:36,0
DA:37,0
DA:38,0
DA:39,0
DA:40,0
DA:42,0
DA:45,0
DA:46,0
DA:49,0
DA:50,0
DA:51,0
DA:52,0
DA:54,0
DA:55,0
DA:56,0
DA:59,0
DA:60,0
DA:61,0
DA:62,0
LH:0
LF:38
end_of_record
SF:C:\HR\Jaar 2\Software Construction\CargoHub\CargoHub\Controllers\ItemsController.cs
FN:14,.ctor(CargoHub.Services.ItemsService)
FN:77,DeleteItemsByUid()
FN:37,GetAllItems()
FN:54,GetItemByUid()
FN:70,PostItems()
FN:85,UpdateItem()
FNDA:0,.ctor(CargoHub.Services.ItemsService)
FNDA:0,DeleteItemsByUid()
FNDA:0,GetAllItems()
FNDA:0,GetItemByUid()
FNDA:0,PostItems()
FNDA:0,UpdateItem()
FNF:6
FNH:0
BRDA:42,42,52,-
BRDA:42,42,53,-
BRDA:42,42,54,-
BRDA:42,42,55,-
BRDA:59,59,56,-
BRDA:59,59,57,-
BRF:6
BRH:0
DA:14,0
DA:15,0
DA:16,0
DA:17,0
DA:37,0
DA:39,0
DA:42,0
DA:43,0
DA:44,0
DA:48,0
DA:49,0
DA:54,0
DA:56,0
DA:59,0
DA:60,0
DA:61,0
DA:65,0
DA:66,0
DA:70,0
DA:71,0
DA:72,0
DA:73,0
DA:77,0
DA:78,0
DA:79,0
DA:80,0
DA:85,0
DA:86,0
DA:87,0
DA:88,0
LH:0
LF:30
end_of_record
SF:C:\HR\Jaar 2\Software Construction\CargoHub\CargoHub\Controllers\ItemTypesController.cs
FN:14,.ctor(CargoHub.Services.ItemTypesService)
FN:65,DeleteItemTypeById()
FN:39,GetItemTypeById()
FN:22,GetItemTypes()
FN:56,PostItemType()
FN:77,UpdateItemType()
FNDA:0,.ctor(CargoHub.Services.ItemTypesService)
FNDA:0,DeleteItemTypeById()
FNDA:0,GetItemTypeById()
FNDA:0,GetItemTypes()
FNDA:0,PostItemType()
FNDA:0,UpdateItemType()
FNF:6
FNH:0
BRDA:67,67,58,-
BRDA:67,67,59,-
BRDA:44,44,60,-
BRDA:44,44,61,-
BRDA:27,27,62,-
BRDA:27,27,63,-
BRDA:27,27,64,-
BRDA:27,27,65,-
BRDA:79,79,66,-
BRDA:79,79,67,-
BRF:10
BRH:0
DA:14,0
DA:15,0
DA:16,0
DA:17,0
DA:22,0
DA:24,0
DA:27,0
DA:28,0
DA:29,0
DA:33,0
DA:34,0
DA:39,0
DA:41,0
DA:44,0
DA:45,0
DA:46,0
DA:50,0
DA:51,0
DA:56,0
DA:58,0
DA:59,0
DA:60,0
DA:65,0
DA:66,0
DA:67,0
DA:68,0
DA:69,0
DA:71,0
DA:72,0
DA:77,0
DA:78,0
DA:79,0
DA:80,0
DA:81,0
DA:83,0
DA:84,0
LH:0
LF:36
end_of_record
SF:C:\HR\Jaar 2\Software Construction\CargoHub\CargoHub\Controllers\LocationController.cs
FN:17,.ctor(CargoHub.Services.LocationService)
FN:57,AddLocation()
FN:26,GetLocationById()
FN:39,GetLocations()
FN:49,GetLocationsInWarehouse()
FN:80,RemoveLocation()
FN:71,UpdateLocation()
FNDA:0,.ctor(CargoHub.Services.LocationService)
FNDA:0,AddLocation()
FNDA:0,GetLocationById()
FNDA:0,GetLocations()
FNDA:0,GetLocationsInWarehouse()
FNDA:0,RemoveLocation()
FNDA:0,UpdateLocation()
FNF:7
FNH:0
BRDA:60,60,68,-
BRDA:60,60,69,-
BRDA:28,28,70,-
BRDA:28,28,71,-
BRDA:83,83,72,-
BRDA:83,83,73,-
BRF:6
BRH:0
DA:17,0
DA:18,0
DA:19,0
DA:20,0
DA:26,0
DA:27,0
DA:28,0
DA:29,0
DA:30,0
DA:32,0
DA:33,0
DA:39,0
DA:40,0
DA:41,0
DA:42,0
DA:43,0
DA:49,0
DA:50,0
DA:51,0
DA:57,0
DA:58,0
DA:60,0
DA:61,0
DA:62,0
DA:64,0
DA:65,0
DA:71,0
DA:72,0
DA:73,0
DA:74,0
DA:80,0
DA:82,0
DA:83,0
DA:84,0
DA:85,0
DA:87,0
DA:88,0
LH:0
LF:37
end_of_record
SF:C:\HR\Jaar 2\Software Construction\CargoHub\CargoHub\Controllers\MigrationController.cs
FN:11,.ctor(CargoHub.Services.MigrationsService)
FN:18,Migrate()
FNDA:0,.ctor(CargoHub.Services.MigrationsService)
FNDA:0,Migrate()
FNF:2
FNH:0
BRF:0
BRH:0
DA:11,0
DA:12,0
DA:13,0
DA:14,0
DA:18,0
DA:19,0
DA:20,0
DA:21,0
LH:0
LF:8
end_of_record
SF:C:\HR\Jaar 2\Software Construction\CargoHub\CargoHub\Controllers\OrderController.cs
FN:18,.ctor(CargoHub.Services.OrderService)
FN:67,CreateOrder()
FN:165,DeleteOrder()
FN:27,GetAllOrders()
FN:39,GetOrder()
FN:52,GetOrdersForClient()
FN:116,UpdateItemsInOrder()
FN:143,UpdateOrder()
FNDA:0,.ctor(CargoHub.Services.OrderService)
FNDA:0,CreateOrder()
FNDA:0,DeleteOrder()
FNDA:0,GetAllOrders()
FNDA:0,GetOrder()
FNDA:0,GetOrdersForClient()
FNDA:0,UpdateItemsInOrder()
FNDA:0,UpdateOrder()
FNF:8
FNH:0
BRDA:68,68,74,-
BRDA:68,68,75,-
BRDA:76,76,76,-
BRDA:76,76,77,-
BRDA:76,76,78,-
BRDA:76,76,79,-
BRDA:76,76,80,-
BRDA:76,76,81,-
BRDA:170,170,82,-
BRDA:170,170,83,-
BRDA:41,41,84,-
BRDA:41,41,85,-
BRDA:55,55,86,-
BRDA:55,55,87,-
BRDA:55,55,88,-
BRDA:55,55,89,-
BRDA:117,117,90,-
BRDA:117,117,91,-
BRDA:117,117,92,-
BRDA:117,117,93,-
BRDA:127,127,94,-
BRDA:127,127,95,-
BRDA:127,127,96,-
BRDA:127,127,97,-
BRDA:127,127,98,-
BRDA:127,127,99,-
BRDA:144,144,100,-
BRDA:144,144,101,-
BRDA:151,151,102,-
BRDA:151,151,103,-
BRF:30
BRH:0
DA:18,0
DA:19,0
DA:20,0
DA:21,0
DA:27,0
DA:28,0
DA:29,0
DA:30,0
DA:33,0
DA:39,0
DA:40,0
DA:41,0
DA:42,0
DA:43,0
DA:45,0
DA:46,0
DA:52,0
DA:53,0
DA:55,0
DA:56,0
DA:57,0
DA:60,0
DA:61,0
DA:67,0
DA:68,0
DA:69,0
DA:70,0
DA:74,0
DA:76,0
DA:77,0
DA:78,0
DA:79,0
DA:80,0
DA:81,0
DA:82,0
DA:83,0
DA:84,0
DA:85,0
DA:86,0
DA:87,0
DA:88,0
DA:89,0
DA:90,0
DA:91,0
DA:92,0
DA:93,0
DA:94,0
DA:95,0
DA:96,0
DA:97,0
DA:100,0
DA:103,0
DA:105,0
DA:106,0
DA:108,0
DA:110,0
DA:116,0
DA:117,0
DA:118,0
DA:119,0
DA:123,0
DA:125,0
DA:127,0
DA:128,0
DA:129,0
DA:132,0
DA:134,0
DA:135,0
DA:137,0
DA:139,0
DA:143,0
DA:144,0
DA:145,0
DA:146,0
DA:149,0
DA:151,0
DA:152,0
DA:153,0
DA:156,0
DA:157,0
DA:165,0
DA:167,0
DA:169,0
DA:170,0
DA:171,0
DA:172,0
DA:175,0
DA:177,0
DA:178,0
DA:180,0
DA:182,0
LH:0
LF:91
end_of_record
SF:C:\HR\Jaar 2\Software Construction\CargoHub\CargoHub\Controllers\MonthlyReportController.cs
FN:16,.ctor(CargoHub.Services.ReportService)
FN:23,GetMonthlyReport()
FNDA:0,.ctor(CargoHub.Services.ReportService)
FNDA:0,GetMonthlyReport()
FNF:2
FNH:0
BRDA:24,24,104,-
BRDA:24,24,105,-
BRDA:24,24,106,-
BRDA:24,24,107,-
BRDA:24,24,108,-
BRDA:24,24,109,-
BRF:6
BRH:0
DA:16,0
DA:17,0
DA:18,0
DA:19,0
DA:23,0
DA:24,0
DA:25,0
DA:26,0
DA:30,0
DA:31,0
DA:32,0
DA:34,0
DA:35,0
DA:36,0
DA:38,0
LH:0
LF:15
end_of_record
SF:C:\HR\Jaar 2\Software Construction\CargoHub\CargoHub\Controllers\ShipmentController.cs
FN:18,.ctor(CargoHub.Services.ShipmentService)
FN:76,AssignOrdersToShipment()
FN:63,CreateShipment()
FN:155,DeleteShipment()
FN:25,GetAllShipmentsWithItems()
FN:49,GetShipmentByIdItems()
FN:35,GetShipmentByIdWithOrders()
FN:103,UpdateOrdersInShipment()
FN:127,UpdateShipmentFields()
FNDA:0,.ctor(CargoHub.Services.ShipmentService)
FNDA:0,AssignOrdersToShipment()
FNDA:0,CreateShipment()
FNDA:0,DeleteShipment()
FNDA:0,GetAllShipmentsWithItems()
FNDA:0,GetShipmentByIdItems()
FNDA:0,GetShipmentByIdWithOrders()
FNDA:0,UpdateOrdersInShipment()
FNDA:0,UpdateShipmentFields()
FNF:9
FNH:0
BRDA:77,77,110,-
BRDA:77,77,111,-
BRDA:77,77,112,-
BRDA:77,77,113,-
BRDA:86,86,114,-
BRDA:86,86,115,-
BRDA:64,64,116,-
BRDA:64,64,117,-
BRDA:158,158,118,-
BRDA:158,158,119,-
BRDA:52,52,120,-
BRDA:52,52,121,-
BRDA:38,38,122,-
BRDA:38,38,123,-
BRDA:104,104,124,-
BRDA:104,104,125,-
BRDA:104,104,126,-
BRDA:104,104,127,-
BRDA:112,112,128,-
BRDA:112,112,129,-
BRDA:128,128,130,-
BRDA:128,128,131,-
BRDA:137,137,132,-
BRDA:137,137,133,-
BRF:24
BRH:0
DA:18,0
DA:19,0
DA:20,0
DA:21,0
DA:25,0
DA:26,0
DA:27,0
DA:28,0
DA:29,0
DA:35,0
DA:36,0
DA:38,0
DA:39,0
DA:40,0
DA:42,0
DA:43,0
DA:49,0
DA:50,0
DA:52,0
DA:53,0
DA:54,0
DA:56,0
DA:57,0
DA:63,0
DA:64,0
DA:65,0
DA:66,0
DA:68,0
DA:69,0
DA:70,0
DA:76,0
DA:77,0
DA:78,0
DA:79,0
DA:83,0
DA:84,0
DA:86,0
DA:87,0
DA:88,0
DA:91,0
DA:93,0
DA:94,0
DA:95,0
DA:97,0
DA:103,0
DA:104,0
DA:105,0
DA:106,0
DA:110,0
DA:111,0
DA:112,0
DA:113,0
DA:114,0
DA:117,0
DA:119,0
DA:120,0
DA:121,0
DA:123,0
DA:127,0
DA:128,0
DA:129,0
DA:130,0
DA:134,0
DA:135,0
DA:137,0
DA:138,0
DA:139,0
DA:142,0
DA:144,0
DA:145,0
DA:147,0
DA:149,0
DA:155,0
DA:156,0
DA:158,0
DA:159,0
DA:160,0
DA:162,0
DA:163,0
LH:0
LF:79
end_of_record
SF:C:\HR\Jaar 2\Software Construction\CargoHub\CargoHub\Controllers\SupplierController.cs
FN:9,.ctor(CargoHub.AppDbContext,CargoHub.Services.SupplierService)
FN:58,DeleteSupplier()
FN:27,GetAllSuppliers()
FN:16,GetSupplier()
FN:45,PutSupplier()
FNDA:0,.ctor(CargoHub.AppDbContext,CargoHub.Services.SupplierService)
FNDA:0,DeleteSupplier()
FNDA:0,GetAllSuppliers()
FNDA:0,GetSupplier()
FNDA:0,PutSupplier()
FNF:5
FNH:0
BRDA:60,60,134,-
BRDA:60,60,135,-
BRDA:19,19,136,-
BRDA:19,19,137,-
BRDA:46,46,138,-
BRDA:46,46,139,-
BRDA:50,50,140,-
BRDA:50,50,141,-
BRF:8
BRH:0
DA:9,0
DA:11,0
DA:12,0
DA:16,0
DA:17,0
DA:19,0
DA:20,0
DA:22,0
DA:23,0
DA:27,0
DA:28,0
DA:29,0
DA:30,0
DA:31,0
DA:45,0
DA:46,0
DA:47,0
DA:49,0
DA:50,0
DA:51,0
DA:53,0
DA:54,0
DA:58,0
DA:59,0
DA:60,0
DA:61,0
DA:63,0
DA:64,0
LH:0
LF:28
end_of_record
SF:C:\HR\Jaar 2\Software Construction\CargoHub\CargoHub\Controllers\TransferController.cs
FN:8,.ctor(CargoHub.AppDbContext,CargoHub.TransferService)
FN:57,DeleteTransfer()
FN:26,GetAllTransfers()
FN:15,GetTransfer()
FN:44,PutTransfer()
FNDA:0,.ctor(CargoHub.AppDbContext,CargoHub.TransferService)
FNDA:0,DeleteTransfer()
FNDA:0,GetAllTransfers()
FNDA:0,GetTransfer()
FNDA:0,PutTransfer()
FNF:5
FNH:0
BRDA:59,59,142,-
BRDA:59,59,143,-
BRDA:18,18,144,-
BRDA:18,18,145,-
BRDA:45,45,146,-
BRDA:45,45,147,-
BRDA:49,49,148,-
BRDA:49,49,149,-
BRF:8
BRH:0
DA:8,0
DA:10,0
DA:11,0
DA:15,0
DA:16,0
DA:18,0
DA:19,0
DA:21,0
DA:22,0
DA:26,0
DA:27,0
DA:28,0
DA:29,0
DA:30,0
DA:44,0
DA:45,0
DA:46,0
DA:48,0
DA:49,0
DA:50,0
DA:52,0
DA:53,0
DA:57,0
DA:58,0
DA:59,0
DA:60,0
DA:62,0
DA:63,0
LH:0
LF:28
end_of_record
SF:C:\HR\Jaar 2\Software Construction\CargoHub\CargoHub\Controllers\WarehouseController.cs
FN:8,.ctor(CargoHub.AppDbContext,CargoHub.WarehouseService)
FN:57,DeleteWarehouse()
FN:26,GetAllWarehouses()
FN:15,GetWarehouse()
FN:44,PutWarehouse()
FNDA:0,.ctor(CargoHub.AppDbContext,CargoHub.WarehouseService)
FNDA:0,DeleteWarehouse()
FNDA:0,GetAllWarehouses()
FNDA:0,GetWarehouse()
FNDA:0,PutWarehouse()
FNF:5
FNH:0
BRDA:59,59,150,-
BRDA:59,59,151,-
BRDA:18,18,152,-
BRDA:18,18,153,-
BRDA:45,45,154,-
BRDA:45,45,155,-
BRDA:49,49,156,-
BRDA:49,49,157,-
BRF:8
BRH:0
DA:8,0
DA:10,0
DA:11,0
DA:15,0
DA:16,0
DA:18,0
DA:19,0
DA:21,0
DA:22,0
DA:26,0
DA:27,0
DA:28,0
DA:29,0
DA:30,0
DA:44,0
DA:45,0
DA:46,0
DA:48,0
DA:49,0
DA:50,0
DA:52,0
DA:53,0
DA:57,0
DA:58,0
DA:59,0
DA:60,0
DA:62,0
DA:63,0
LH:0
LF:28
end_of_record
SF:C:\HR\Jaar 2\Software Construction\CargoHub\CargoHub\Migrations\AppDbContextModelSnapshot.cs
FN:16,BuildModel(Microsoft.EntityFrameworkCore.ModelBuilder)
FNDA:0,BuildModel(Microsoft.EntityFrameworkCore.ModelBuilder)
FNF:1
FNH:0
BRF:0
BRH:0
DA:16,0
DA:18,0
DA:20,0
DA:21,0
DA:22,0
DA:23,0
DA:24,0
DA:25,0
DA:26,0
DA:27,0
DA:28,0
DA:29,0
DA:30,0
DA:31,0
DA:32,0
DA:33,0
DA:34,0
DA:35,0
DA:36,0
DA:37,0
DA:38,0
DA:39,0
DA:40,0
DA:41,0
DA:42,0
DA:43,0
DA:44,0
DA:45,0
DA:46,0
DA:47,0
DA:48,0
DA:49,0
DA:50,0
DA:51,0
DA:52,0
DA:53,0
DA:54,0
DA:55,0
DA:56,0
DA:58,0
DA:59,0
DA:60,0
DA:61,0
DA:62,0
DA:63,0
DA:64,0
DA:65,0
DA:66,0
DA:67,0
DA:68,0
DA:69,0
DA:70,0
DA:71,0
DA:72,0
DA:73,0
DA:74,0
DA:75,0
DA:76,0
DA:77,0
DA:78,0
DA:79,0
DA:80,0
DA:81,0
DA:82,0
DA:83,0
DA:84,0
DA:85,0
DA:86,0
DA:87,0
DA:88,0
DA:89,0
DA:90,0
DA:91,0
DA:92,0
DA:93,0
DA:94,0
DA:95,0
DA:96,0
DA:97,0
DA:98,0
DA:99,0
DA:100,0
DA:101,0
DA:102,0
DA:103,0
DA:104,0
DA:105,0
DA:106,0
DA:107,0
DA:108,0
DA:109,0
DA:110,0
DA:111,0
DA:112,0
DA:114,0
DA:115,0
DA:116,0
DA:117,0
DA:118,0
DA:119,0
DA:120,0
DA:121,0
DA:122,0
DA:123,0
DA:124,0
DA:125,0
DA:126,0
DA:127,0
DA:128,0
DA:129,0
DA:130,0
DA:131,0
DA:132,0
DA:133,0
DA:134,0
DA:135,0
DA:136,0
DA:137,0
DA:138,0
DA:139,0
DA:140,0
DA:141,0
DA:142,0
DA:143,0
DA:144,0
DA:145,0
DA:146,0
DA:147,0
DA:148,0
DA:149,0
DA:150,0
DA:151,0
DA:152,0
DA:153,0
DA:154,0
DA:155,0
DA:156,0
DA:157,0
DA:158,0
DA:159,0
DA:160,0
DA:161,0
DA:162,0
DA:163,0
DA:164,0
DA:165,0
DA:166,0
DA:167,0
DA:168,0
DA:170,0
DA:171,0
DA:172,0
DA:173,0
DA:174,0
DA:175,0
DA:176,0
DA:177,0
DA:178,0
DA:179,0
DA:180,0
DA:181,0
DA:182,0
DA:183,0
DA:184,0
DA:185,0
DA:186,0
DA:187,0
DA:188,0
DA:189,0
DA:190,0
DA:191,0
DA:192,0
DA:193,0
DA:194,0
DA:195,0
DA:196,0
DA:197,0
DA:198,0
DA:199,0
DA:200,0
DA:201,0
DA:202,0
DA:203,0
DA:204,0
DA:205,0
DA:206,0
DA:207,0
DA:208,0
DA:209,0
DA:210,0
DA:211,0
DA:212,0
DA:213,0
DA:214,0
DA:215,0
DA:216,0
DA:217,0
DA:218,0
DA:219,0
DA:220,0
DA:221,0
DA:222,0
DA:223,0
DA:224,0
DA:225,0
DA:226,0
DA:227,0
DA:228,0
DA:229,0
DA:230,0
DA:231,0
DA:232,0
DA:233,0
DA:234,0
DA:235,0
DA:236,0
DA:237,0
DA:238,0
DA:239,0
DA:240,0
DA:241,0
DA:242,0
DA:243,0
DA:244,0
DA:245,0
DA:246,0
DA:247,0
DA:248,0
DA:249,0
DA:250,0
DA:251,0
DA:253,0
DA:254,0
DA:255,0
DA:256,0
DA:257,0
DA:258,0
DA:259,0
DA:260,0
DA:261,0
DA:262,0
DA:263,0
DA:264,0
DA:265,0
DA:266,0
DA:267,0
DA:268,0
DA:269,0
DA:270,0
DA:271,0
DA:272,0
DA:273,0
DA:274,0
DA:275,0
DA:276,0
DA:277,0
DA:278,0
DA:279,0
DA:281,0
DA:282,0
DA:283,0
DA:284,0
DA:285,0
DA:286,0
DA:287,0
DA:288,0
DA:289,0
DA:290,0
DA:291,0
DA:292,0
DA:293,0
DA:294,0
DA:295,0
DA:296,0
DA:297,0
DA:298,0
DA:299,0
DA:300,0
DA:301,0
DA:302,0
DA:303,0
DA:304,0
DA:305,0
DA:306,0
DA:307,0
DA:309,0
DA:310,0
DA:311,0
DA:312,0
DA:313,0
DA:314,0
DA:315,0
DA:316,0
DA:317,0
DA:318,0
DA:319,0
DA:320,0
DA:321,0
DA:322,0
DA:323,0
DA:324,0
DA:325,0
DA:326,0
DA:327,0
DA:328,0
DA:329,0
DA:330,0
DA:331,0
DA:332,0
DA:333,0
DA:334,0
DA:335,0
DA:337,0
DA:338,0
DA:339,0
DA:340,0
DA:341,0
DA:342,0
DA:343,0
DA:344,0
DA:345,0
DA:346,0
DA:347,0
DA:348,0
DA:349,0
DA:350,0
DA:351,0
DA:352,0
DA:353,0
DA:354,0
DA:355,0
DA:356,0
DA:357,0
DA:358,0
DA:359,0
DA:360,0
DA:361,0
DA:362,0
DA:363,0
DA:364,0
DA:365,0
DA:366,0
DA:367,0
DA:368,0
DA:369,0
DA:371,0
DA:372,0
DA:373,0
DA:374,0
DA:375,0
DA:376,0
DA:377,0
DA:378,0
DA:379,0
DA:380,0
DA:381,0
DA:382,0
DA:383,0
DA:384,0
DA:385,0
DA:386,0
DA:387,0
DA:388,0
DA:389,0
DA:390,0
DA:391,0
DA:392,0
DA:393,0
DA:394,0
DA:395,0
DA:396,0
DA:397,0
DA:398,0
DA:399,0
DA:400,0
DA:401,0
DA:402,0
DA:403,0
DA:404,0
DA:405,0
DA:406,0
DA:407,0
DA:408,0
DA:409,0
DA:410,0
DA:411,0
DA:412,0
DA:413,0
DA:414,0
DA:415,0
DA:416,0
DA:417,0
DA:418,0
DA:419,0
DA:420,0
DA:421,0
DA:422,0
DA:423,0
DA:424,0
DA:425,0
DA:426,0
DA:427,0
DA:428,0
DA:429,0
DA:430,0
DA:431,0
DA:432,0
DA:433,0
DA:434,0
DA:435,0
DA:436,0
DA:437,0
DA:438,0
DA:439,0
DA:440,0
DA:441,0
DA:442,0
DA:443,0
DA:444,0
DA:445,0
DA:446,0
DA:447,0
DA:449,0
DA:450,0
DA:451,0
DA:452,0
DA:453,0
DA:454,0
DA:455,0
DA:456,0
DA:457,0
DA:458,0
DA:459,0
DA:460,0
DA:461,0
DA:462,0
DA:463,0
DA:464,0
DA:465,0
DA:467,0
DA:468,0
DA:469,0
DA:470,0
DA:471,0
DA:472,0
DA:473,0
DA:474,0
DA:475,0
DA:476,0
DA:477,0
DA:478,0
DA:479,0
DA:480,0
DA:481,0
DA:482,0
DA:483,0
DA:484,0
DA:485,0
DA:486,0
DA:487,0
DA:488,0
DA:489,0
DA:490,0
DA:491,0
DA:492,0
DA:493,0
DA:494,0
DA:495,0
DA:496,0
DA:497,0
DA:498,0
DA:499,0
DA:500,0
DA:501,0
DA:502,0
DA:503,0
DA:504,0
DA:505,0
DA:506,0
DA:507,0
DA:508,0
DA:509,0
DA:510,0
DA:511,0
DA:512,0
DA:513,0
DA:514,0
DA:515,0
DA:516,0
DA:517,0
DA:518,0
DA:519,0
DA:520,0
DA:521,0
DA:522,0
DA:523,0
DA:524,0
DA:525,0
DA:526,0
DA:527,0
DA:529,0
DA:530,0
DA:531,0
DA:532,0
DA:533,0
DA:534,0
DA:535,0
DA:536,0
DA:537,0
DA:538,0
DA:539,0
DA:540,0
DA:541,0
DA:542,0
DA:543,0
DA:544,0
DA:545,0
DA:546,0
DA:547,0
DA:548,0
DA:549,0
DA:550,0
DA:551,0
DA:552,0
DA:553,0
DA:554,0
DA:555,0
DA:556,0
DA:557,0
DA:558,0
DA:559,0
DA:560,0
DA:561,0
DA:562,0
DA:563,0
DA:564,0
DA:565,0
DA:566,0
DA:567,0
DA:568,0
DA:569,0
DA:570,0
DA:571,0
DA:572,0
DA:573,0
DA:574,0
DA:575,0
DA:576,0
DA:577,0
DA:578,0
DA:579,0
DA:580,0
DA:581,0
DA:582,0
DA:583,0
DA:584,0
DA:585,0
DA:586,0
DA:587,0
DA:588,0
DA:589,0
DA:590,0
DA:592,0
DA:593,0
DA:594,0
DA:595,0
DA:596,0
DA:597,0
DA:598,0
DA:599,0
DA:600,0
DA:601,0
DA:602,0
DA:603,0
DA:604,0
DA:605,0
DA:606,0
DA:607,0
DA:608,0
DA:609,0
DA:610,0
DA:611,0
DA:612,0
DA:613,0
DA:614,0
DA:615,0
DA:616,0
DA:617,0
DA:618,0
DA:619,0
DA:620,0
DA:621,0
DA:622,0
DA:623,0
DA:624,0
DA:625,0
DA:626,0
DA:627,0
DA:628,0
DA:629,0
DA:630,0
DA:632,0
DA:633,0
DA:634,0
DA:635,0
DA:636,0
DA:637,0
DA:638,0
DA:639,0
DA:640,0
DA:641,0
DA:642,0
DA:643,0
DA:644,0
DA:645,0
DA:646,0
DA:647,0
DA:648,0
DA:649,0
DA:650,0
DA:651,0
DA:652,0
DA:653,0
DA:654,0
DA:655,0
DA:656,0
DA:657,0
DA:658,0
DA:659,0
DA:660,0
DA:661,0
DA:662,0
DA:663,0
DA:664,0
DA:665,0
DA:666,0
DA:667,0
DA:668,0
DA:669,0
DA:670,0
DA:671,0
DA:672,0
DA:673,0
DA:674,0
DA:675,0
DA:676,0
DA:677,0
DA:678,0
DA:679,0
DA:680,0
DA:681,0
DA:682,0
DA:683,0
DA:684,0
DA:685,0
DA:686,0
DA:687,0
DA:689,0
DA:690,0
DA:691,0
DA:692,0
DA:693,0
DA:694,0
DA:695,0
DA:696,0
DA:698,0
DA:699,0
DA:700,0
DA:701,0
DA:702,0
DA:703,0
DA:704,0
DA:705,0
DA:706,0
DA:707,0
DA:708,0
DA:709,0
DA:710,0
DA:711,0
DA:712,0
DA:713,0
DA:714,0
DA:715,0
DA:716,0
DA:717,0
DA:718,0
DA:719,0
DA:720,0
DA:721,0
DA:722,0
DA:723,0
DA:725,0
DA:726,0
DA:727,0
DA:728,0
DA:729,0
DA:730,0
DA:731,0
DA:732,0
DA:733,0
DA:734,0
DA:735,0
DA:736,0
DA:737,0
DA:738,0
DA:739,0
DA:740,0
DA:741,0
DA:742,0
DA:744,0
DA:745,0
DA:746,0
DA:747,0
DA:749,0
DA:750,0
DA:751,0
DA:752,0
DA:754,0
DA:755,0
DA:756,0
DA:757,0
DA:759,0
LH:0
LF:722
end_of_record
SF:C:\HR\Jaar 2\Software Construction\CargoHub\CargoHub\Migrations\20241214124517_Tables.cs
FN:13,Up(Microsoft.EntityFrameworkCore.Migrations.MigrationBuilder)
FN:384,Down(Microsoft.EntityFrameworkCore.Migrations.MigrationBuilder)
FNDA:0,Up(Microsoft.EntityFrameworkCore.Migrations.MigrationBuilder)
FNDA:0,Down(Microsoft.EntityFrameworkCore.Migrations.MigrationBuilder)
FNF:2
FNH:0
BRF:0
BRH:0
DA:13,0
DA:14,0
DA:15,0
DA:16,0
DA:17,0
DA:18,0
DA:19,0
DA:20,0
DA:21,0
DA:22,0
DA:23,0
DA:24,0
DA:25,0
DA:26,0
DA:27,0
DA:28,0
DA:29,0
DA:30,0
DA:31,0
DA:32,0
DA:34,0
DA:35,0
DA:36,0
DA:37,0
DA:38,0
DA:39,0
DA:40,0
DA:41,0
DA:42,0
DA:43,0
DA:44,0
DA:45,0
DA:46,0
DA:47,0
DA:48,0
DA:49,0
DA:50,0
DA:51,0
DA:52,0
DA:53,0
DA:54,0
DA:55,0
DA:57,0
DA:58,0
DA:59,0
DA:60,0
DA:61,0
DA:62,0
DA:63,0
DA:64,0
DA:65,0
DA:66,0
DA:67,0
DA:68,0
DA:69,0
DA:70,0
DA:71,0
DA:72,0
DA:73,0
DA:74,0
DA:75,0
DA:76,0
DA:77,0
DA:78,0
DA:80,0
DA:81,0
DA:82,0
DA:83,0
DA:84,0
DA:85,0
DA:86,0
DA:87,0
DA:88,0
DA:89,0
DA:90,0
DA:91,0
DA:92,0
DA:93,0
DA:94,0
DA:96,0
DA:97,0
DA:98,0
DA:99,0
DA:100,0
DA:101,0
DA:102,0
DA:103,0
DA:104,0
DA:105,0
DA:106,0
DA:107,0
DA:108,0
DA:109,0
DA:110,0
DA:112,0
DA:113,0
DA:114,0
DA:115,0
DA:116,0
DA:117,0
DA:118,0
DA:119,0
DA:120,0
DA:121,0
DA:122,0
DA:123,0
DA:124,0
DA:125,0
DA:126,0
DA:127,0
DA:128,0
DA:129,0
DA:130,0
DA:131,0
DA:132,0
DA:133,0
DA:134,0
DA:135,0
DA:136,0
DA:137,0
DA:138,0
DA:139,0
DA:141,0
DA:142,0
DA:143,0
DA:144,0
DA:145,0
DA:146,0
DA:147,0
DA:148,0
DA:149,0
DA:150,0
DA:151,0
DA:152,0
DA:153,0
DA:154,0
DA:155,0
DA:157,0
DA:158,0
DA:159,0
DA:160,0
DA:161,0
DA:162,0
DA:163,0
DA:164,0
DA:165,0
DA:166,0
DA:167,0
DA:168,0
DA:169,0
DA:170,0
DA:171,0
DA:172,0
DA:173,0
DA:174,0
DA:175,0
DA:176,0
DA:177,0
DA:178,0
DA:179,0
DA:180,0
DA:181,0
DA:182,0
DA:183,0
DA:185,0
DA:186,0
DA:187,0
DA:188,0
DA:189,0
DA:190,0
DA:191,0
DA:192,0
DA:193,0
DA:194,0
DA:195,0
DA:196,0
DA:197,0
DA:198,0
DA:199,0
DA:200,0
DA:201,0
DA:202,0
DA:203,0
DA:204,0
DA:205,0
DA:206,0
DA:207,0
DA:208,0
DA:210,0
DA:211,0
DA:212,0
DA:213,0
DA:214,0
DA:215,0
DA:216,0
DA:217,0
DA:218,0
DA:219,0
DA:220,0
DA:221,0
DA:222,0
DA:223,0
DA:224,0
DA:225,0
DA:226,0
DA:227,0
DA:229,0
DA:230,0
DA:231,0
DA:232,0
DA:233,0
DA:234,0
DA:235,0
DA:236,0
DA:237,0
DA:238,0
DA:239,0
DA:240,0
DA:241,0
DA:242,0
DA:243,0
DA:244,0
DA:245,0
DA:246,0
DA:247,0
DA:248,0
DA:249,0
DA:250,0
DA:251,0
DA:253,0
DA:254,0
DA:255,0
DA:256,0
DA:257,0
DA:258,0
DA:259,0
DA:260,0
DA:261,0
DA:262,0
DA:263,0
DA:264,0
DA:265,0
DA:266,0
DA:267,0
DA:268,0
DA:269,0
DA:270,0
DA:271,0
DA:272,0
DA:273,0
DA:275,0
DA:276,0
DA:277,0
DA:278,0
DA:279,0
DA:280,0
DA:281,0
DA:282,0
DA:283,0
DA:284,0
DA:285,0
DA:286,0
DA:287,0
DA:288,0
DA:289,0
DA:290,0
DA:291,0
DA:292,0
DA:293,0
DA:294,0
DA:295,0
DA:296,0
DA:297,0
DA:298,0
DA:299,0
DA:300,0
DA:301,0
DA:302,0
DA:303,0
DA:304,0
DA:305,0
DA:306,0
DA:307,0
DA:308,0
DA:309,0
DA:310,0
DA:311,0
DA:312,0
DA:313,0
DA:314,0
DA:315,0
DA:316,0
DA:317,0
DA:318,0
DA:319,0
DA:320,0
DA:321,0
DA:322,0
DA:323,0
DA:324,0
DA:326,0
DA:327,0
DA:328,0
DA:329,0
DA:330,0
DA:331,0
DA:332,0
DA:333,0
DA:334,0
DA:335,0
DA:336,0
DA:337,0
DA:338,0
DA:339,0
DA:340,0
DA:341,0
DA:342,0
DA:343,0
DA:344,0
DA:345,0
DA:346,0
DA:347,0
DA:348,0
DA:349,0
DA:351,0
DA:352,0
DA:353,0
DA:354,0
DA:356,0
DA:357,0
DA:358,0
DA:359,0
DA:361,0
DA:362,0
DA:363,0
DA:364,0
DA:366,0
DA:367,0
DA:368,0
DA:369,0
DA:371,0
DA:372,0
DA:373,0
DA:374,0
DA:376,0
DA:377,0
DA:378,0
DA:379,0
DA:380,0
DA:384,0
DA:385,0
DA:386,0
DA:388,0
DA:389,0
DA:391,0
DA:392,0
DA:394,0
DA:395,0
DA:397,0
DA:398,0
DA:400,0
DA:401,0
DA:403,0
DA:404,0
DA:406,0
DA:407,0
DA:409,0
DA:410,0
DA:412,0
DA:413,0
DA:415,0
DA:416,0
DA:418,0
DA:419,0
DA:421,0
DA:422,0
DA:424,0
DA:425,0
DA:426,0
LH:0
LF:379
end_of_record
SF:C:\HR\Jaar 2\Software Construction\CargoHub\CargoHub\Migrations\20241214124517_Tables.Designer.cs
FN:19,BuildTargetModel(Microsoft.EntityFrameworkCore.ModelBuilder)
FNDA:0,BuildTargetModel(Microsoft.EntityFrameworkCore.ModelBuilder)
FNF:1
FNH:0
BRF:0
BRH:0
DA:19,0
DA:21,0
DA:23,0
DA:24,0
DA:25,0
DA:26,0
DA:27,0
DA:28,0
DA:29,0
DA:30,0
DA:31,0
DA:32,0
DA:33,0
DA:34,0
DA:35,0
DA:36,0
DA:37,0
DA:38,0
DA:39,0
DA:40,0
DA:41,0
DA:42,0
DA:43,0
DA:44,0
DA:45,0
DA:46,0
DA:47,0
DA:48,0
DA:49,0
DA:50,0
DA:51,0
DA:52,0
DA:53,0
DA:54,0
DA:55,0
DA:56,0
DA:57,0
DA:58,0
DA:59,0
DA:61,0
DA:62,0
DA:63,0
DA:64,0
DA:65,0
DA:66,0
DA:67,0
DA:68,0
DA:69,0
DA:70,0
DA:71,0
DA:72,0
DA:73,0
DA:74,0
DA:75,0
DA:76,0
DA:77,0
DA:78,0
DA:79,0
DA:80,0
DA:81,0
DA:82,0
DA:83,0
DA:84,0
DA:85,0
DA:86,0
DA:87,0
DA:88,0
DA:89,0
DA:90,0
DA:91,0
DA:92,0
DA:93,0
DA:94,0
DA:95,0
DA:96,0
DA:97,0
DA:98,0
DA:99,0
DA:100,0
DA:101,0
DA:102,0
DA:103,0
DA:104,0
DA:105,0
DA:106,0
DA:107,0
DA:108,0
DA:109,0
DA:110,0
DA:111,0
DA:112,0
DA:113,0
DA:114,0
DA:115,0
DA:117,0
DA:118,0
DA:119,0
DA:120,0
DA:121,0
DA:122,0
DA:123,0
DA:124,0
DA:125,0
DA:126,0
DA:127,0
DA:128,0
DA:129,0
DA:130,0
DA:131,0
DA:132,0
DA:133,0
DA:134,0
DA:135,0
DA:136,0
DA:137,0
DA:138,0
DA:139,0
DA:140,0
DA:141,0
DA:142,0
DA:143,0
DA:144,0
DA:145,0
DA:146,0
DA:147,0
DA:148,0
DA:149,0
DA:150,0
DA:151,0
DA:152,0
DA:153,0
DA:154,0
DA:155,0
DA:156,0
DA:157,0
DA:158,0
DA:159,0
DA:160,0
DA:161,0
DA:162,0
DA:163,0
DA:164,0
DA:165,0
DA:166,0
DA:167,0
DA:168,0
DA:169,0
DA:170,0
DA:171,0
DA:173,0
DA:174,0
DA:175,0
DA:176,0
DA:177,0
DA:178,0
DA:179,0
DA:180,0
DA:181,0
DA:182,0
DA:183,0
DA:184,0
DA:185,0
DA:186,0
DA:187,0
DA:188,0
DA:189,0
DA:190,0
DA:191,0
DA:192,0
DA:193,0
DA:194,0
DA:195,0
DA:196,0
DA:197,0
DA:198,0
DA:199,0
DA:200,0
DA:201,0
DA:202,0
DA:203,0
DA:204,0
DA:205,0
DA:206,0
DA:207,0
DA:208,0
DA:209,0
DA:210,0
DA:211,0
DA:212,0
DA:213,0
DA:214,0
DA:215,0
DA:216,0
DA:217,0
DA:218,0
DA:219,0
DA:220,0
DA:221,0
DA:222,0
DA:223,0
DA:224,0
DA:225,0
DA:226,0
DA:227,0
DA:228,0
DA:229,0
DA:230,0
DA:231,0
DA:232,0
DA:233,0
DA:234,0
DA:235,0
DA:236,0
DA:237,0
DA:238,0
DA:239,0
DA:240,0
DA:241,0
DA:242,0
DA:243,0
DA:244,0
DA:245,0
DA:246,0
DA:247,0
DA:248,0
DA:249,0
DA:250,0
DA:251,0
DA:252,0
DA:253,0
DA:254,0
DA:256,0
DA:257,0
DA:258,0
DA:259,0
DA:260,0
DA:261,0
DA:262,0
DA:263,0
DA:264,0
DA:265,0
DA:266,0
DA:267,0
DA:268,0
DA:269,0
DA:270,0
DA:271,0
DA:272,0
DA:273,0
DA:274,0
DA:275,0
DA:276,0
DA:277,0
DA:278,0
DA:279,0
DA:280,0
DA:281,0
DA:282,0
DA:284,0
DA:285,0
DA:286,0
DA:287,0
DA:288,0
DA:289,0
DA:290,0
DA:291,0
DA:292,0
DA:293,0
DA:294,0
DA:295,0
DA:296,0
DA:297,0
DA:298,0
DA:299,0
DA:300,0
DA:301,0
DA:302,0
DA:303,0
DA:304,0
DA:305,0
DA:306,0
DA:307,0
DA:308,0
DA:309,0
DA:310,0
DA:312,0
DA:313,0
DA:314,0
DA:315,0
DA:316,0
DA:317,0
DA:318,0
DA:319,0
DA:320,0
DA:321,0
DA:322,0
DA:323,0
DA:324,0
DA:325,0
DA:326,0
DA:327,0
DA:328,0
DA:329,0
DA:330,0
DA:331,0
DA:332,0
DA:333,0
DA:334,0
DA:335,0
DA:336,0
DA:337,0
DA:338,0
DA:340,0
DA:341,0
DA:342,0
DA:343,0
DA:344,0
DA:345,0
DA:346,0
DA:347,0
DA:348,0
DA:349,0
DA:350,0
DA:351,0
DA:352,0
DA:353,0
DA:354,0
DA:355,0
DA:356,0
DA:357,0
DA:358,0
DA:359,0
DA:360,0
DA:361,0
DA:362,0
DA:363,0
DA:364,0
DA:365,0
DA:366,0
DA:367,0
DA:368,0
DA:369,0
DA:370,0
DA:371,0
DA:372,0
DA:374,0
DA:375,0
DA:376,0
DA:377,0
DA:378,0
DA:379,0
DA:380,0
DA:381,0
DA:382,0
DA:383,0
DA:384,0
DA:385,0
DA:386,0
DA:387,0
DA:388,0
DA:389,0
DA:390,0
DA:391,0
DA:392,0
DA:393,0
DA:394,0
DA:395,0
DA:396,0
DA:397,0
DA:398,0
DA:399,0
DA:400,0
DA:401,0
DA:402,0
DA:403,0
DA:404,0
DA:405,0
DA:406,0
DA:407,0
DA:408,0
DA:409,0
DA:410,0
DA:411,0
DA:412,0
DA:413,0
DA:414,0
DA:415,0
DA:416,0
DA:417,0
DA:418,0
DA:419,0
DA:420,0
DA:421,0
DA:422,0
DA:423,0
DA:424,0
DA:425,0
DA:426,0
DA:427,0
DA:428,0
DA:429,0
DA:430,0
DA:431,0
DA:432,0
DA:433,0
DA:434,0
DA:435,0
DA:436,0
DA:437,0
DA:438,0
DA:439,0
DA:440,0
DA:441,0
DA:442,0
DA:443,0
DA:444,0
DA:445,0
DA:446,0
DA:447,0
DA:448,0
DA:449,0
DA:450,0
DA:452,0
DA:453,0
DA:454,0
DA:455,0
DA:456,0
DA:457,0
DA:458,0
DA:459,0
DA:460,0
DA:461,0
DA:462,0
DA:463,0
DA:464,0
DA:465,0
DA:466,0
DA:467,0
DA:468,0
DA:470,0
DA:471,0
DA:472,0
DA:473,0
DA:474,0
DA:475,0
DA:476,0
DA:477,0
DA:478,0
DA:479,0
DA:480,0
DA:481,0
DA:482,0
DA:483,0
DA:484,0
DA:485,0
DA:486,0
DA:487,0
DA:488,0
DA:489,0
DA:490,0
DA:491,0
DA:492,0
DA:493,0
DA:494,0
DA:495,0
DA:496,0
DA:497,0
DA:498,0
DA:499,0
DA:500,0
DA:501,0
DA:502,0
DA:503,0
DA:504,0
DA:505,0
DA:506,0
DA:507,0
DA:508,0
DA:509,0
DA:510,0
DA:511,0
DA:512,0
DA:513,0
DA:514,0
DA:515,0
DA:516,0
DA:517,0
DA:518,0
DA:519,0
DA:520,0
DA:521,0
DA:522,0
DA:523,0
DA:524,0
DA:525,0
DA:526,0
DA:527,0
DA:528,0
DA:529,0
DA:530,0
DA:532,0
DA:533,0
DA:534,0
DA:535,0
DA:536,0
DA:537,0
DA:538,0
DA:539,0
DA:540,0
DA:541,0
DA:542,0
DA:543,0
DA:544,0
DA:545,0
DA:546,0
DA:547,0
DA:548,0
DA:549,0
DA:550,0
DA:551,0
DA:552,0
DA:553,0
DA:554,0
DA:555,0
DA:556,0
DA:557,0
DA:558,0
DA:559,0
DA:560,0
DA:561,0
DA:562,0
DA:563,0
DA:564,0
DA:565,0
DA:566,0
DA:567,0
DA:568,0
DA:569,0
DA:570,0
DA:571,0
DA:572,0
DA:573,0
DA:574,0
DA:575,0
DA:576,0
DA:577,0
DA:578,0
DA:579,0
DA:580,0
DA:581,0
DA:582,0
DA:583,0
DA:584,0
DA:585,0
DA:586,0
DA:587,0
DA:588,0
DA:589,0
DA:590,0
DA:591,0
DA:592,0
DA:593,0
DA:595,0
DA:596,0
DA:597,0
DA:598,0
DA:599,0
DA:600,0
DA:601,0
DA:602,0
DA:603,0
DA:604,0
DA:605,0
DA:606,0
DA:607,0
DA:608,0
DA:609,0
DA:610,0
DA:611,0
DA:612,0
DA:613,0
DA:614,0
DA:615,0
DA:616,0
DA:617,0
DA:618,0
DA:619,0
DA:620,0
DA:621,0
DA:622,0
DA:623,0
DA:624,0
DA:625,0
DA:626,0
DA:627,0
DA:628,0
DA:629,0
DA:630,0
DA:631,0
DA:632,0
DA:633,0
DA:635,0
DA:636,0
DA:637,0
DA:638,0
DA:639,0
DA:640,0
DA:641,0
DA:642,0
DA:643,0
DA:644,0
DA:645,0
DA:646,0
DA:647,0
DA:648,0
DA:649,0
DA:650,0
DA:651,0
DA:652,0
DA:653,0
DA:654,0
DA:655,0
DA:656,0
DA:657,0
DA:658,0
DA:659,0
DA:660,0
DA:661,0
DA:662,0
DA:663,0
DA:664,0
DA:665,0
DA:666,0
DA:667,0
DA:668,0
DA:669,0
DA:670,0
DA:671,0
DA:672,0
DA:673,0
DA:674,0
DA:675,0
DA:676,0
DA:677,0
DA:678,0
DA:679,0
DA:680,0
DA:681,0
DA:682,0
DA:683,0
DA:684,0
DA:685,0
DA:686,0
DA:687,0
DA:688,0
DA:689,0
DA:690,0
DA:692,0
DA:693,0
DA:694,0
DA:695,0
DA:696,0
DA:697,0
DA:698,0
DA:699,0
DA:701,0
DA:702,0
DA:703,0
DA:704,0
DA:705,0
DA:706,0
DA:707,0
DA:708,0
DA:709,0
DA:710,0
DA:711,0
DA:712,0
DA:713,0
DA:714,0
DA:715,0
DA:716,0
DA:717,0
DA:718,0
DA:719,0
DA:720,0
DA:721,0
DA:722,0
DA:723,0
DA:724,0
DA:725,0
DA:726,0
DA:728,0
DA:729,0
DA:730,0
DA:731,0
DA:732,0
DA:733,0
DA:734,0
DA:735,0
DA:736,0
DA:737,0
DA:738,0
DA:739,0
DA:740,0
DA:741,0
DA:742,0
DA:743,0
DA:744,0
DA:745,0
DA:747,0
DA:748,0
DA:749,0
DA:750,0
DA:752,0
DA:753,0
DA:754,0
DA:755,0
DA:757,0
DA:758,0
DA:759,0
DA:760,0
DA:762,0
LH:0
LF:722
end_of_record
SF:C:\HR\Jaar 2\Software Construction\CargoHub\CargoHub\Models\APIKey.cs
FN:9,get_Id()
FN:12,get_HashedApiKey()
FN:14,get_CreationDate()
FN:17,get_UserRole()
FN:20,get_ExpiryDate()
FN:23,get_LastUsed()
FN:27,get_IsActive()
FNDA:0,get_Id()
FNDA:0,get_HashedApiKey()
FNDA:0,get_CreationDate()
FNDA:0,get_UserRole()
FNDA:0,get_ExpiryDate()
FNDA:0,get_LastUsed()
FNDA:0,get_IsActive()
FNF:7
FNH:0
BRF:0
BRH:0
DA:9,0
DA:12,0
DA:14,0
DA:17,0
DA:20,0
DA:23,0
DA:27,0
LH:0
LF:7
end_of_record
SF:C:\HR\Jaar 2\Software Construction\CargoHub\CargoHub\Models\APIKey.cs
FN:32,get_Role()
FNDA:0,get_Role()
FNF:1
FNH:0
BRF:0
BRH:0
DA:32,0
LH:0
LF:1
end_of_record
SF:C:\HR\Jaar 2\Software Construction\CargoHub\CargoHub\Models\BaseModel.cs
FN:8,get_Id()
FN:10,get_CreatedAt()
FN:13,get_UpdatedAt()
FNDA:1,get_Id()
FNDA:7,get_CreatedAt()
FNDA:7,get_UpdatedAt()
FNF:3
FNH:3
BRF:0
BRH:0
DA:8,1
DA:10,7
DA:13,7
LH:3
LF:3
end_of_record
SF:C:\HR\Jaar 2\Software Construction\CargoHub\CargoHub\Models\Classification.cs
FN:5,get_Id()
FN:6,get_Name()
FNDA:0,get_Id()
FNDA:0,get_Name()
FNF:2
FNH:0
BRF:0
BRH:0
DA:5,0
DA:6,0
LH:0
LF:2
end_of_record
SF:C:\HR\Jaar 2\Software Construction\CargoHub\CargoHub\Models\Client.cs
FN:9,get_Name()
FN:12,get_Address()
FN:15,get_City()
FN:18,get_ZipCode()
FN:21,get_Province()
FN:24,get_Country()
FN:27,get_ContactName()
FN:30,get_ContactPhone()
FN:33,get_ContactEmail()
FNDA:0,get_Name()
FNDA:0,get_Address()
FNDA:0,get_City()
FNDA:0,get_ZipCode()
FNDA:0,get_Province()
FNDA:0,get_Country()
FNDA:0,get_ContactName()
FNDA:0,get_ContactPhone()
FNDA:0,get_ContactEmail()
FNF:9
FNH:0
BRF:0
BRH:0
DA:9,0
DA:12,0
DA:15,0
DA:18,0
DA:21,0
DA:24,0
DA:27,0
DA:30,0
DA:33,0
LH:0
LF:9
end_of_record
SF:C:\HR\Jaar 2\Software Construction\CargoHub\CargoHub\Models\Inventory.cs
FN:11,get_ItemId()
FN:14,get_Description()
FN:17,get_ItemReference()
FN:20,get_Locations()
FN:23,get_TotalOnHand()
FN:26,get_TotalExpected()
FN:29,get_TotalOrdered()
FN:32,get_TotalAllocated()
FN:35,get_TotalAvailable()
FNDA:0,get_ItemId()
FNDA:0,get_Description()
FNDA:0,get_ItemReference()
FNDA:0,get_Locations()
FNDA:0,get_TotalOnHand()
FNDA:0,get_TotalExpected()
FNDA:0,get_TotalOrdered()
FNDA:0,get_TotalAllocated()
FNDA:0,get_TotalAvailable()
FNF:9
FNH:0
BRF:0
BRH:0
DA:11,0
DA:14,0
DA:17,0
DA:20,0
DA:23,0
DA:26,0
DA:29,0
DA:32,0
DA:35,0
LH:0
LF:9
end_of_record
SF:C:\HR\Jaar 2\Software Construction\CargoHub\CargoHub\Models\Item.cs
FN:11,get_Uid()
FN:14,get_Code()
FN:16,get_Description()
FN:19,get_ShortDescription()
FN:22,get_UpcCode()
FN:25,get_ModelNumber()
FN:28,get_CommodityCode()
FN:31,get_ItemLine()
FN:34,get_ItemGroup()
FN:37,get_ItemType()
FN:40,get_UnitPurchaseQuantity()
FN:43,get_UnitOrderQuantity()
FN:46,get_PackOrderQuantity()
FN:49,get_SupplierId()
FN:52,get_SupplierCode()
FN:55,get_SupplierPartNumber()
FN:58,get_OrderItems()
FNDA:0,get_Uid()
FNDA:0,get_Code()
FNDA:0,get_Description()
FNDA:0,get_ShortDescription()
FNDA:0,get_UpcCode()
FNDA:0,get_ModelNumber()
FNDA:0,get_CommodityCode()
FNDA:0,get_ItemLine()
FNDA:0,get_ItemGroup()
FNDA:0,get_ItemType()
FNDA:0,get_UnitPurchaseQuantity()
FNDA:0,get_UnitOrderQuantity()
FNDA:0,get_PackOrderQuantity()
FNDA:0,get_SupplierId()
FNDA:0,get_SupplierCode()
FNDA:0,get_SupplierPartNumber()
FNDA:0,get_OrderItems()
FNF:17
FNH:0
BRF:0
BRH:0
DA:11,0
DA:14,0
DA:16,0
DA:19,0
DA:22,0
DA:25,0
DA:28,0
DA:31,0
DA:34,0
DA:37,0
DA:40,0
DA:43,0
DA:46,0
DA:49,0
DA:52,0
DA:55,0
DA:58,0
LH:0
LF:17
end_of_record
SF:C:\HR\Jaar 2\Software Construction\CargoHub\CargoHub\Models\Order.cs
FN:81,get_ItemId()
FN:82,get_Amount()
FNDA:0,get_ItemId()
FNDA:0,get_Amount()
FNF:2
FNH:0
BRF:0
BRH:0
DA:81,0
DA:82,0
LH:0
LF:2
end_of_record
SF:C:\HR\Jaar 2\Software Construction\CargoHub\CargoHub\Models\ItemGroup.cs
FN:10,get_Name()
FN:14,get_Description()
FNDA:10,get_Name()
FNDA:8,get_Description()
FNF:2
FNH:2
BRF:0
BRH:0
DA:10,10
DA:14,8
LH:2
LF:2
end_of_record
SF:C:\HR\Jaar 2\Software Construction\CargoHub\CargoHub\Models\ItemLine.cs
FN:11,get_Name()
FN:15,get_Description()
FNDA:5,get_Name()
FNDA:5,get_Description()
FNF:2
FNH:2
BRF:0
BRH:0
DA:11,5
DA:15,5
LH:2
LF:2
end_of_record
SF:C:\HR\Jaar 2\Software Construction\CargoHub\CargoHub\Models\ItemType.cs
FN:9,get_Name()
FN:13,get_Description()
FNDA:0,get_Name()
FNDA:0,get_Description()
FNF:2
FNH:0
BRF:0
BRH:0
DA:9,0
DA:13,0
LH:0
LF:2
end_of_record
SF:C:\HR\Jaar 2\Software Construction\CargoHub\CargoHub\Models\Shipment.cs
FN:57,get_OrderId()
FN:60,get_SourceId()
FN:63,get_OrderDate()
FN:66,get_RequestDate()
FN:69,get_ShipmentDate()
FN:72,get_ShipmentType()
FN:75,get_ShipmentStatus()
FN:78,get_Notes()
FN:81,get_CarrierCode()
FN:84,get_CarrierDescription()
FN:87,get_ServiceCode()
FN:90,get_PaymentType()
FN:93,get_TransferMode()
FN:96,get_TotalPackageCount()
FN:99,get_TotalPackageWeight()
FN:102,get_Items()
FN:105,ConvertToShipment()
FNDA:0,get_OrderId()
FNDA:0,get_SourceId()
FNDA:0,get_OrderDate()
FNDA:0,get_RequestDate()
FNDA:0,get_ShipmentDate()
FNDA:0,get_ShipmentType()
FNDA:0,get_ShipmentStatus()
FNDA:0,get_Notes()
FNDA:0,get_CarrierCode()
FNDA:0,get_CarrierDescription()
FNDA:0,get_ServiceCode()
FNDA:0,get_PaymentType()
FNDA:0,get_TransferMode()
FNDA:0,get_TotalPackageCount()
FNDA:0,get_TotalPackageWeight()
FNDA:0,get_Items()
FNDA:0,ConvertToShipment()
FNF:17
FNH:0
BRF:0
BRH:0
DA:57,0
DA:60,0
DA:63,0
DA:66,0
DA:69,0
DA:72,0
DA:75,0
DA:78,0
DA:81,0
DA:84,0
DA:87,0
DA:90,0
DA:93,0
DA:96,0
DA:99,0
DA:102,0
DA:105,0
DA:106,0
DA:107,0
DA:108,0
DA:109,0
DA:110,0
DA:111,0
DA:112,0
DA:113,0
DA:114,0
DA:115,0
DA:116,0
DA:117,0
DA:118,0
DA:119,0
DA:120,0
DA:121,0
DA:122,0
DA:123,0
DA:124,0
DA:125,0
DA:126,0
DA:127,0
DA:128,0
DA:129,0
DA:130,0
DA:131,0
DA:132,0
DA:133,0
DA:134,0
DA:135,0
DA:136,0
DA:137,0
DA:138,0
DA:139,0
DA:140,0
DA:141,0
DA:142,0
LH:0
LF:54
end_of_record
SF:C:\HR\Jaar 2\Software Construction\CargoHub\CargoHub\Models\Location.cs
FN:9,get_WarehouseId()
FN:12,get_Warehouse()
FN:17,get_Code()
FN:21,get_Name()
FNDA:0,get_WarehouseId()
FNDA:0,get_Warehouse()
FNDA:0,get_Code()
FNDA:0,get_Name()
FNF:4
FNH:0
BRF:0
BRH:0
DA:9,0
DA:12,0
DA:17,0
DA:21,0
LH:0
LF:4
end_of_record
SF:C:\HR\Jaar 2\Software Construction\CargoHub\CargoHub\Models\MonthlyReport.cs
FN:8,get_Year()
FN:9,get_Month()
FN:10,get_TotalOrders()
FN:11,get_TotalOrderAmount()
FN:12,get_AverageOrderProcessingTime()
FN:13,get_AverageShipmentTransitProcessingTime()
FN:14,get_TotalShipments()
FN:15,get_ShipmentDetails()
FNDA:0,get_Year()
FNDA:0,get_Month()
FNDA:0,get_TotalOrders()
FNDA:0,get_TotalOrderAmount()
FNDA:0,get_AverageOrderProcessingTime()
FNDA:0,get_AverageShipmentTransitProcessingTime()
FNDA:0,get_TotalShipments()
FNDA:0,get_ShipmentDetails()
FNF:8
FNH:0
BRF:0
BRH:0
DA:8,0
DA:9,0
DA:10,0
DA:11,0
DA:12,0
DA:13,0
DA:14,0
DA:15,0
LH:0
LF:8
end_of_record
SF:C:\HR\Jaar 2\Software Construction\CargoHub\CargoHub\Models\Order.cs
FN:9,get_Id()
FN:10,get_SourceId()
FN:11,get_OrderDate()
FN:12,get_RequestDate()
FN:13,get_Reference()
FN:14,get_ExtrReference()
FN:15,get_OrderStatus()
FN:16,get_Notes()
FN:17,get_ShippingNotes()
FN:18,get_PickingNotes()
FN:19,get_WarehouseId()
FN:21,get_Warehouse()
FN:22,get_ShipTo()
FN:24,get_ShipToClient()
FN:25,get_BillTo()
FN:27,get_BillToClient()
FN:28,get_ShipmentId()
FN:30,get_Shipment()
FN:31,get_TotalAmount()
FN:32,get_TotalDiscount()
FN:33,get_TotalTax()
FN:34,get_TotalSurcharge()
FN:38,get_OrderItems()
FNDA:0,get_Id()
FNDA:0,get_SourceId()
FNDA:0,get_OrderDate()
FNDA:0,get_RequestDate()
FNDA:0,get_Reference()
FNDA:0,get_ExtrReference()
FNDA:0,get_OrderStatus()
FNDA:0,get_Notes()
FNDA:0,get_ShippingNotes()
FNDA:0,get_PickingNotes()
FNDA:0,get_WarehouseId()
FNDA:0,get_Warehouse()
FNDA:0,get_ShipTo()
FNDA:0,get_ShipToClient()
FNDA:0,get_BillTo()
FNDA:0,get_BillToClient()
FNDA:0,get_ShipmentId()
FNDA:0,get_Shipment()
FNDA:0,get_TotalAmount()
FNDA:0,get_TotalDiscount()
FNDA:0,get_TotalTax()
FNDA:0,get_TotalSurcharge()
FNDA:0,get_OrderItems()
FNF:23
FNH:0
BRF:0
BRH:0
DA:9,0
DA:10,0
DA:11,0
DA:12,0
DA:13,0
DA:14,0
DA:15,0
DA:16,0
DA:17,0
DA:18,0
DA:19,0
DA:21,0
DA:22,0
DA:24,0
DA:25,0
DA:27,0
DA:28,0
DA:30,0
DA:31,0
DA:32,0
DA:33,0
DA:34,0
DA:38,0
LH:0
LF:23
end_of_record
SF:C:\HR\Jaar 2\Software Construction\CargoHub\CargoHub\Models\Shipment.cs
FN:47,get_Id()
FN:48,get_OrderDate()
FN:49,get_RequestDate()
FN:50,get_Reference()
FN:51,get_OrderStatus()
FN:52,get_Items()
FNDA:0,get_Id()
FNDA:0,get_OrderDate()
FNDA:0,get_RequestDate()
FNDA:0,get_Reference()
FNDA:0,get_OrderStatus()
FNDA:0,get_Items()
FNF:6
FNH:0
BRF:0
BRH:0
DA:47,0
DA:48,0
DA:49,0
DA:50,0
DA:51,0
DA:52,0
LH:0
LF:6
end_of_record
SF:C:\HR\Jaar 2\Software Construction\CargoHub\CargoHub\Models\Order.cs
FN:70,get_OrderId()
FN:71,get_Order()
FN:73,get_ItemUid()
FN:74,get_Item()
FN:76,get_Amount()
FNDA:0,get_OrderId()
FNDA:0,get_Order()
FNDA:0,get_ItemUid()
FNDA:0,get_Item()
FNDA:0,get_Amount()
FNF:5
FNH:0
BRF:0
BRH:0
DA:70,0
DA:71,0
DA:73,0
DA:74,0
DA:76,0
LH:0
LF:5
end_of_record
SF:C:\HR\Jaar 2\Software Construction\CargoHub\CargoHub\Models\Order.cs
FN:44,get_Id()
FN:45,get_SourceId()
FN:46,get_OrderDate()
FN:47,get_RequestDate()
FN:48,get_Reference()
FN:49,get_ReferenceExtra()
FN:50,get_OrderStatus()
FN:51,get_Notes()
FN:52,get_ShippingNotes()
FN:53,get_PickingNotes()
FN:54,get_WarehouseId()
FN:55,get_ShipTo()
FN:56,get_BillTo()
FN:57,get_ShipmentId()
FN:58,get_TotalAmount()
FN:59,get_TotalDiscount()
FN:60,get_TotalTax()
FN:61,get_TotalSurcharge()
FN:62,get_CreatedAt()
FN:63,get_UpdatedAt()
FN:64,get_Items()
FNDA:0,get_Id()
FNDA:0,get_SourceId()
FNDA:0,get_OrderDate()
FNDA:0,get_RequestDate()
FNDA:0,get_Reference()
FNDA:0,get_ReferenceExtra()
FNDA:0,get_OrderStatus()
FNDA:0,get_Notes()
FNDA:0,get_ShippingNotes()
FNDA:0,get_PickingNotes()
FNDA:0,get_WarehouseId()
FNDA:0,get_ShipTo()
FNDA:0,get_BillTo()
FNDA:0,get_ShipmentId()
FNDA:0,get_TotalAmount()
FNDA:0,get_TotalDiscount()
FNDA:0,get_TotalTax()
FNDA:0,get_TotalSurcharge()
FNDA:0,get_CreatedAt()
FNDA:0,get_UpdatedAt()
FNDA:0,get_Items()
FNF:21
FNH:0
BRF:0
BRH:0
DA:44,0
DA:45,0
DA:46,0
DA:47,0
DA:48,0
DA:49,0
DA:50,0
DA:51,0
DA:52,0
DA:53,0
DA:54,0
DA:55,0
DA:56,0
DA:57,0
DA:58,0
DA:59,0
DA:60,0
DA:61,0
DA:62,0
DA:63,0
DA:64,0
LH:0
LF:21
end_of_record
SF:C:\HR\Jaar 2\Software Construction\CargoHub\CargoHub\Models\Shipment.cs
FN:9,get_SourceId()
FN:10,get_Orderdate()
FN:11,get_RequestDate()
FN:12,get_ShipmentDate()
FN:13,get_ShipmentType()
FN:14,get_ShipmentStatus()
FN:15,get_Notes()
FN:16,get_CarrierCode()
FN:17,get_CarrierDescription()
FN:18,get_ServiceCode()
FN:19,get_PaymentType()
FN:20,get_TransferMode()
FN:21,get_TotalPackageCount()
FN:22,get_TotalPackageWeight()
FN:23,get_orders()
FNDA:0,get_SourceId()
FNDA:0,get_Orderdate()
FNDA:0,get_RequestDate()
FNDA:0,get_ShipmentDate()
FNDA:0,get_ShipmentType()
FNDA:0,get_ShipmentStatus()
FNDA:0,get_Notes()
FNDA:0,get_CarrierCode()
FNDA:0,get_CarrierDescription()
FNDA:0,get_ServiceCode()
FNDA:0,get_PaymentType()
FNDA:0,get_TransferMode()
FNDA:0,get_TotalPackageCount()
FNDA:0,get_TotalPackageWeight()
FNDA:0,get_orders()
FNF:15
FNH:0
BRF:0
BRH:0
DA:9,0
DA:10,0
DA:11,0
DA:12,0
DA:13,0
DA:14,0
DA:15,0
DA:16,0
DA:17,0
DA:18,0
DA:19,0
DA:20,0
DA:21,0
DA:22,0
DA:23,0
LH:0
LF:15
end_of_record
SF:C:\HR\Jaar 2\Software Construction\CargoHub\CargoHub\Models\Shipment.cs
FN:28,get_Id()
FN:29,get_ShipmentDate()
FN:30,get_ShipmentType()
FN:31,get_ShipmentStatus()
FN:32,get_Notes()
FN:33,get_CarrierCode()
FN:34,get_CarrierDescription()
FN:35,get_ServiceCode()
FN:36,get_PaymentType()
FN:37,get_TransferMode()
FN:38,get_TotalPackageCount()
FN:39,get_TotalPackageWeight()
FN:40,get_CreatedAt()
FN:41,get_UpdatedAt()
FN:42,get_Orders()
FNDA:0,get_Id()
FNDA:0,get_ShipmentDate()
FNDA:0,get_ShipmentType()
FNDA:0,get_ShipmentStatus()
FNDA:0,get_Notes()
FNDA:0,get_CarrierCode()
FNDA:0,get_CarrierDescription()
FNDA:0,get_ServiceCode()
FNDA:0,get_PaymentType()
FNDA:0,get_TransferMode()
FNDA:0,get_TotalPackageCount()
FNDA:0,get_TotalPackageWeight()
FNDA:0,get_CreatedAt()
FNDA:0,get_UpdatedAt()
FNDA:0,get_Orders()
FNF:15
FNH:0
BRF:0
BRH:0
DA:28,0
DA:29,0
DA:30,0
DA:31,0
DA:32,0
DA:33,0
DA:34,0
DA:35,0
DA:36,0
DA:37,0
DA:38,0
DA:39,0
DA:40,0
DA:41,0
DA:42,0
LH:0
LF:15
end_of_record
SF:C:\HR\Jaar 2\Software Construction\CargoHub\CargoHub\Models\MonthlyReport.cs
FN:20,get_ShipmentId()
FN:21,get_ShipmentDate()
FN:22,get_ShipmentStatus()
FN:23,get_TotalOrders()
FN:24,get_TotalWeight()
FNDA:0,get_ShipmentId()
FNDA:0,get_ShipmentDate()
FNDA:0,get_ShipmentStatus()
FNDA:0,get_TotalOrders()
FNDA:0,get_TotalWeight()
FNF:5
FNH:0
BRF:0
BRH:0
DA:20,0
DA:21,0
DA:22,0
DA:23,0
DA:24,0
LH:0
LF:5
end_of_record
SF:C:\HR\Jaar 2\Software Construction\CargoHub\CargoHub\Models\Supplier.cs
FN:9,get_Code()
FN:12,get_Name()
FN:15,get_Address()
FN:17,get_AddressExtra()
FN:18,get_City()
FN:20,get_ZipCode()
FN:23,get_Province()
FN:26,get_Country()
FN:29,get_ContactName()
FN:32,get_Phonenumber()
FN:35,get_Reference()
FNDA:0,get_Code()
FNDA:0,get_Name()
FNDA:0,get_Address()
FNDA:0,get_AddressExtra()
FNDA:0,get_City()
FNDA:0,get_ZipCode()
FNDA:0,get_Province()
FNDA:0,get_Country()
FNDA:0,get_ContactName()
FNDA:0,get_Phonenumber()
FNDA:0,get_Reference()
FNF:11
FNH:0
BRF:0
BRH:0
DA:9,0
DA:12,0
DA:15,0
DA:17,0
DA:18,0
DA:20,0
DA:23,0
DA:26,0
DA:29,0
DA:32,0
DA:35,0
LH:0
LF:11
end_of_record
SF:C:\HR\Jaar 2\Software Construction\CargoHub\CargoHub\Models\Transfer.cs
FN:12,get_Reference()
FN:14,get_TransferFrom()
FN:16,get_TransferTo()
FN:18,get_TransferStatus()
FN:25,get_Items()
FN:26,set_Items(System.Collections.Generic.List`1<System.Collections.Generic.Dictionary`2<System.String,System.Object>>)
FN:31,get_ItemsJson()
FNDA:0,get_Reference()
FNDA:0,get_TransferFrom()
FNDA:0,get_TransferTo()
FNDA:0,get_TransferStatus()
FNDA:0,get_Items()
FNDA:0,set_Items(System.Collections.Generic.List`1<System.Collections.Generic.Dictionary`2<System.String,System.Object>>)
FNDA:0,get_ItemsJson()
FNF:7
FNH:0
BRDA:25,25,158,-
BRDA:25,25,159,-
BRDA:25,25,160,-
BRDA:25,25,161,-
BRF:4
BRH:0
DA:12,0
DA:14,0
DA:16,0
DA:18,0
DA:25,0
DA:26,0
DA:31,0
LH:0
LF:7
end_of_record
SF:C:\HR\Jaar 2\Software Construction\CargoHub\CargoHub\Models\Warehouse.cs
FN:13,get_Code()
FN:16,get_Name()
FN:19,get_Address()
FN:22,get_Zip()
FN:25,get_City()
FN:28,get_Province()
FN:31,get_Country()
FN:35,get_ContactName()
FN:38,get_ContactPhone()
FN:41,get_ContactEmail()
FN:48,get_Contact()
FN:55,set_Contact(System.Collections.Generic.Dictionary`2<System.String,System.String>)
FNDA:0,get_Code()
FNDA:0,get_Name()
FNDA:0,get_Address()
FNDA:0,get_Zip()
FNDA:0,get_City()
FNDA:0,get_Province()
FNDA:0,get_Country()
FNDA:0,get_ContactName()
FNDA:0,get_ContactPhone()
FNDA:0,get_ContactEmail()
FNDA:0,get_Contact()
FNDA:0,set_Contact(System.Collections.Generic.Dictionary`2<System.String,System.String>)
FNF:12
FNH:0
BRDA:56,56,162,-
BRDA:56,56,163,-
BRDA:59,59,164,-
BRDA:59,59,165,-
BRDA:60,60,166,-
BRDA:60,60,167,-
BRDA:61,61,168,-
BRDA:61,61,169,-
BRF:8
BRH:0
DA:13,0
DA:16,0
DA:19,0
DA:22,0
DA:25,0
DA:28,0
DA:31,0
DA:35,0
DA:38,0
DA:41,0
DA:48,0
DA:49,0
DA:50,0
DA:51,0
DA:52,0
DA:53,0
DA:55,0
DA:56,0
DA:57,0
DA:59,0
DA:60,0
DA:61,0
DA:62,0
DA:63,0
LH:0
LF:24
end_of_record
SF:C:\HR\Jaar 2\Software Construction\CargoHub\CargoHub\Services\ApiKeyGeneratorService.cs
FN:11,GenerateApiKey()
FNDA:0,GenerateApiKey()
FNF:1
FNH:0
BRF:0
BRH:0
DA:11,0
DA:13,0
DA:14,0
LH:0
LF:3
end_of_record
SF:C:\HR\Jaar 2\Software Construction\CargoHub\CargoHub\Services\APIKeyService.cs
FN:20,GenerateApiKey()
FN:28,HashApiKey(System.String)
FN:37,CreateApiKey(CargoHub.Enums.RolesEnum/Roles,System.DateTime)
FN:61,VerifyApiKey(System.String)
FN:13,.ctor(CargoHub.AppDbContext)
FNDA:0,GenerateApiKey()
FNDA:0,HashApiKey(System.String)
FNDA:0,CreateApiKey(CargoHub.Enums.RolesEnum/Roles,System.DateTime)
FNDA:0,VerifyApiKey(System.String)
FNDA:0,.ctor(CargoHub.AppDbContext)
FNF:5
FNH:0
BRF:0
BRH:0
DA:13,0
DA:14,0
DA:15,0
DA:16,0
DA:20,0
DA:22,0
DA:23,0
DA:24,0
DA:28,0
DA:29,0
DA:31,0
DA:32,0
DA:33,0
DA:37,0
DA:38,0
DA:39,0
DA:42,0
DA:43,0
DA:44,0
DA:45,0
DA:46,0
DA:47,0
DA:48,0
DA:49,0
DA:50,0
DA:53,0
DA:54,0
DA:56,0
DA:57,0
DA:61,0
DA:63,0
DA:64,0
DA:65,0
DA:67,0
DA:68,0
LH:0
LF:35
end_of_record
SF:C:\HR\Jaar 2\Software Construction\CargoHub\CargoHub\Services\ClassificationService.cs
FN:8,.ctor(CargoHub.AppDbContext)
FNDA:0,.ctor(CargoHub.AppDbContext)
FNF:1
FNH:0
BRF:0
BRH:0
DA:8,0
DA:9,0
DA:10,0
DA:11,0
LH:0
LF:4
end_of_record
SF:C:\HR\Jaar 2\Software Construction\CargoHub\CargoHub\Services\ClientService.cs
FN:10,.ctor(CargoHub.AppDbContext)
FN:33,AddClient()
FN:58,DeleteClient()
FN:27,GetClient()
FN:17,GetClients()
FN:43,UpdateClient()
FNDA:0,.ctor(CargoHub.AppDbContext)
FNDA:0,AddClient()
FNDA:0,DeleteClient()
FNDA:0,GetClient()
FNDA:0,GetClients()
FNDA:0,UpdateClient()
FNF:6
FNH:0
BRDA:60,60,170,-
BRDA:60,60,171,-
BRDA:45,45,172,-
BRDA:45,45,173,-
BRF:4
BRH:0
DA:10,0
DA:11,0
DA:12,0
DA:13,0
DA:17,0
DA:18,0
DA:19,0
DA:20,0
DA:21,0
DA:22,0
DA:23,0
DA:27,0
DA:28,0
DA:29,0
DA:33,0
DA:34,0
DA:35,0
DA:36,0
DA:37,0
DA:38,0
DA:39,0
DA:43,0
DA:44,0
DA:45,0
DA:46,0
DA:47,0
DA:50,0
DA:51,0
DA:52,0
DA:53,0
DA:54,0
DA:58,0
DA:59,0
DA:60,0
DA:61,0
DA:62,0
DA:65,0
DA:66,0
DA:67,0
DA:68,0
LH:0
LF:40
end_of_record
SF:C:\HR\Jaar 2\Software Construction\CargoHub\CargoHub\Services\CustomConverter.cs
FN:15,Read(System.Text.Json.Utf8JsonReader&,System.Type,System.Text.Json.JsonSerializerOptions)
FN:31,Write(System.Text.Json.Utf8JsonWriter,System.DateTime,System.Text.Json.JsonSerializerOptions)
FN:7,.cctor()
FNDA:0,Read(System.Text.Json.Utf8JsonReader&,System.Type,System.Text.Json.JsonSerializerOptions)
FNDA:0,Write(System.Text.Json.Utf8JsonWriter,System.DateTime,System.Text.Json.JsonSerializerOptions)
FNDA:0,.cctor()
FNF:3
FNH:0
BRDA:18,18,174,-
BRDA:18,18,175,-
BRDA:20,20,176,-
BRDA:20,20,177,-
BRF:4
BRH:0
DA:7,0
DA:8,0
DA:9,0
DA:10,0
DA:11,0
DA:12,0
DA:13,0
DA:15,0
DA:16,0
DA:18,0
DA:19,0
DA:20,0
DA:21,0
DA:22,0
DA:24,0
DA:25,0
DA:26,0
DA:31,0
DA:32,0
LH:0
LF:19
end_of_record
SF:C:\HR\Jaar 2\Software Construction\CargoHub\CargoHub\Services\InventoryServices.cs
FN:14,.ctor(CargoHub.AppDbContext)
FN:37,AddInventory()
FN:62,DeleteInventory()
FN:21,GetInventories()
FN:31,GetInventory()
FN:47,UpdateInventory()
FNDA:0,.ctor(CargoHub.AppDbContext)
FNDA:0,AddInventory()
FNDA:0,DeleteInventory()
FNDA:0,GetInventories()
FNDA:0,GetInventory()
FNDA:0,UpdateInventory()
FNF:6
FNH:0
BRDA:64,64,178,-
BRDA:64,64,179,-
BRDA:49,49,180,-
BRDA:49,49,181,-
BRF:4
BRH:0
DA:14,0
DA:15,0
DA:16,0
DA:17,0
DA:21,0
DA:22,0
DA:23,0
DA:24,0
DA:25,0
DA:26,0
DA:27,0
DA:31,0
DA:32,0
DA:33,0
DA:37,0
DA:38,0
DA:39,0
DA:40,0
DA:41,0
DA:42,0
DA:43,0
DA:47,0
DA:48,0
DA:49,0
DA:50,0
DA:51,0
DA:54,0
DA:55,0
DA:56,0
DA:57,0
DA:58,0
DA:62,0
DA:63,0
DA:64,0
DA:65,0
DA:66,0
DA:69,0
DA:70,0
DA:71,0
DA:72,0
LH:0
LF:40
end_of_record
SF:C:\HR\Jaar 2\Software Construction\CargoHub\CargoHub\Services\ItemGroupsService.cs
FN:8,.ctor(CargoHub.AppDbContext)
FN:43,AddItemGroup()
FN:70,DeleteItemGroup()
FN:13,GetAllItemGroups()
FN:37,GetItemGroup()
FN:58,UpdateItemGroup()
FNDA:4,.ctor(CargoHub.AppDbContext)
FNDA:1,AddItemGroup()
FNDA:2,DeleteItemGroup()
FNDA:0,GetAllItemGroups()
FNDA:1,GetItemGroup()
FNDA:1,UpdateItemGroup()
FNF:6
FNH:5
BRDA:45,45,182,1
BRDA:45,45,183,-
BRDA:73,73,184,1
BRDA:73,73,185,1
BRDA:61,61,186,1
BRDA:61,61,187,1
BRDA:61,61,188,-
BRDA:61,61,189,-
BRF:8
BRH:5
DA:8,4
DA:9,4
DA:10,4
DA:11,4
DA:13,0
DA:14,0
DA:15,0
DA:16,0
DA:17,0
DA:18,0
DA:37,1
DA:38,1
DA:39,1
DA:40,1
DA:43,1
DA:44,1
DA:45,1
DA:46,0
DA:47,0
DA:49,1
DA:50,1
DA:51,1
DA:55,1
DA:58,1
DA:59,1
DA:61,1
DA:62,1
DA:63,1
DA:64,1
DA:65,1
DA:66,1
DA:67,1
DA:70,2
DA:72,2
DA:73,3
DA:74,1
DA:75,1
DA:76,1
DA:78,2
LH:31
LF:39
end_of_record
SF:C:\HR\Jaar 2\Software Construction\CargoHub\CargoHub\Services\ItemLinesService.cs
FN:8,.ctor(CargoHub.AppDbContext)
FN:36,AddItemLine()
FN:60,DeleteItemLine()
FN:30,GetItemLine()
FN:13,GetMultipleItemLines()
FN:49,UpdateItemLine()
FNDA:0,.ctor(CargoHub.AppDbContext)
FNDA:0,AddItemLine()
FNDA:0,DeleteItemLine()
FNDA:0,GetItemLine()
FNDA:0,GetMultipleItemLines()
FNDA:0,UpdateItemLine()
FNF:6
FNH:0
BRDA:38,38,190,-
BRDA:38,38,191,-
BRDA:62,62,192,-
BRDA:62,62,193,-
BRDA:15,15,194,-
BRDA:15,15,195,-
BRDA:18,18,196,-
BRDA:18,18,197,-
BRDA:51,51,198,-
BRDA:51,51,199,-
BRF:10
BRH:0
DA:8,0
DA:9,0
DA:10,0
DA:11,0
DA:13,0
DA:14,0
DA:15,0
DA:16,0
DA:17,0
DA:18,0
DA:19,0
DA:20,0
DA:21,0
DA:23,0
DA:24,0
DA:25,0
DA:26,0
DA:27,0
DA:28,0
DA:30,0
DA:31,0
DA:32,0
DA:33,0
DA:36,0
DA:37,0
DA:38,0
DA:39,0
DA:40,0
DA:42,0
DA:43,0
DA:44,0
DA:46,0
DA:49,0
DA:50,0
DA:51,0
DA:52,0
DA:53,0
DA:54,0
DA:55,0
DA:56,0
DA:57,0
DA:60,0
DA:61,0
DA:62,0
DA:63,0
DA:64,0
DA:65,0
DA:67,0
LH:0
LF:48
end_of_record
SF:C:\HR\Jaar 2\Software Construction\CargoHub\CargoHub\Services\ItemsService.cs
FN:14,.ctor(CargoHub.AppDbContext)
FN:43,DeleteItemsByUid()
FN:20,GetAllItems()
FN:25,GetItem()
FN:31,PostItems()
FN:56,UpdateItem()
FNDA:0,.ctor(CargoHub.AppDbContext)
FNDA:0,DeleteItemsByUid()
FNDA:0,GetAllItems()
FNDA:0,GetItem()
FNDA:0,PostItems()
FNDA:0,UpdateItem()
FNF:6
FNH:0
BRDA:45,45,200,-
BRDA:45,45,201,-
BRDA:59,59,202,-
BRDA:59,59,203,-
BRF:4
BRH:0
DA:14,0
DA:15,0
DA:16,0
DA:17,0
DA:20,0
DA:21,0
DA:22,0
DA:25,0
DA:26,0
DA:27,0
DA:31,0
DA:33,0
DA:36,0
DA:39,0
DA:40,0
DA:43,0
DA:44,0
DA:45,0
DA:46,0
DA:47,0
DA:50,0
DA:51,0
DA:52,0
DA:53,0
DA:56,0
DA:58,0
DA:59,0
DA:60,0
DA:61,0
DA:65,0
DA:66,0
DA:67,0
DA:68,0
DA:69,0
DA:70,0
DA:71,0
DA:72,0
DA:73,0
DA:74,0
DA:75,0
DA:76,0
DA:77,0
DA:78,0
DA:79,0
DA:80,0
DA:83,0
DA:86,0
DA:87,0
DA:88,0
LH:0
LF:49
end_of_record
SF:C:\HR\Jaar 2\Software Construction\CargoHub\CargoHub\Services\ItemTypesService.cs
FN:14,.ctor(CargoHub.AppDbContext)
FN:45,DeleteItemTypeById()
FN:30,GetItemTypeById()
FN:21,GetItemTypes()
FN:36,PostItemType()
FN:59,UpdateItemType()
FNDA:0,.ctor(CargoHub.AppDbContext)
FNDA:0,DeleteItemTypeById()
FNDA:0,GetItemTypeById()
FNDA:0,GetItemTypes()
FNDA:0,PostItemType()
FNDA:0,UpdateItemType()
FNF:6
FNH:0
BRDA:47,47,204,-
BRDA:47,47,205,-
BRDA:61,61,206,-
BRDA:61,61,207,-
BRF:4
BRH:0
DA:14,0
DA:15,0
DA:16,0
DA:17,0
DA:21,0
DA:22,0
DA:23,0
DA:24,0
DA:25,0
DA:26,0
DA:30,0
DA:31,0
DA:32,0
DA:36,0
DA:37,0
DA:38,0
DA:40,0
DA:41,0
DA:45,0
DA:46,0
DA:47,0
DA:48,0
DA:49,0
DA:52,0
DA:53,0
DA:54,0
DA:55,0
DA:59,0
DA:60,0
DA:61,0
DA:62,0
DA:63,0
DA:66,0
DA:67,0
DA:68,0
DA:70,0
DA:71,0
LH:0
LF:37
end_of_record
SF:C:\HR\Jaar 2\Software Construction\CargoHub\CargoHub\Services\LocationService.cs
FN:15,.ctor(CargoHub.AppDbContext)
FN:42,AddLocation()
FN:21,GetAllLocations()
FN:27,GetLocation()
FN:34,GetLocationWarehouse()
FN:82,RemoveLocation()
FN:61,UpdateLocation()
FNDA:0,.ctor(CargoHub.AppDbContext)
FNDA:0,AddLocation()
FNDA:0,GetAllLocations()
FNDA:0,GetLocation()
FNDA:0,GetLocationWarehouse()
FNDA:0,RemoveLocation()
FNDA:0,UpdateLocation()
FNF:7
FNH:0
BRDA:44,44,208,-
BRDA:44,44,209,-
BRDA:44,44,210,-
BRDA:44,44,211,-
BRDA:85,85,212,-
BRDA:85,85,213,-
BRDA:64,64,214,-
BRDA:64,64,215,-
BRF:8
BRH:0
DA:15,0
DA:16,0
DA:17,0
DA:18,0
DA:21,0
DA:22,0
DA:23,0
DA:24,0
DA:27,0
DA:28,0
DA:29,0
DA:30,0
DA:34,0
DA:35,0
DA:36,0
DA:37,0
DA:38,0
DA:42,0
DA:44,0
DA:45,0
DA:46,0
DA:50,0
DA:51,0
DA:54,0
DA:55,0
DA:56,0
DA:57,0
DA:61,0
DA:63,0
DA:64,0
DA:65,0
DA:66,0
DA:70,0
DA:71,0
DA:72,0
DA:73,0
DA:76,0
DA:77,0
DA:78,0
DA:82,0
DA:84,0
DA:85,0
DA:86,0
DA:87,0
DA:91,0
DA:92,0
DA:93,0
DA:94,0
LH:0
LF:48
end_of_record
SF:C:\HR\Jaar 2\Software Construction\CargoHub\CargoHub\Services\Migrations.cs
FN:17,ReadDataFolder(System.String)
FN:92,TransferData(System.String)
FN:126,LogTransfer(System.Boolean,System.String,System.Int32)
FN:11,.ctor(CargoHub.AppDbContext)
FNDA:0,ReadDataFolder(System.String)
FNDA:0,TransferData(System.String)
FNDA:0,LogTransfer(System.Boolean,System.String,System.Int32)
FNDA:0,.ctor(CargoHub.AppDbContext)
FNF:4
FNH:0
BRDA:24,24,216,-
BRDA:24,24,217,-
BRDA:26,26,218,-
BRDA:26,26,219,-
BRDA:30,30,220,-
BRDA:30,30,221,-
BRDA:34,34,222,-
BRDA:34,34,223,-
BRDA:38,38,224,-
BRDA:38,38,225,-
BRDA:42,42,226,-
BRDA:42,42,227,-
BRDA:46,46,228,-
BRDA:46,46,229,-
BRDA:50,50,230,-
BRDA:50,50,231,-
BRDA:56,56,232,-
BRDA:56,56,233,-
BRDA:58,58,234,-
BRDA:58,58,235,-
BRDA:65,65,236,-
BRDA:65,65,237,-
BRDA:69,69,238,-
BRDA:69,69,239,-
BRDA:74,74,240,-
BRDA:74,74,241,-
BRDA:100,100,242,-
BRDA:100,100,243,-
BRDA:100,100,244,-
BRDA:100,100,245,-
BRDA:102,102,246,-
BRDA:102,102,247,-
BRDA:104,104,248,-
BRDA:104,104,249,-
BRDA:118,118,250,-
BRDA:118,118,251,-
BRF:36
BRH:0
DA:11,0
DA:12,0
DA:13,0
DA:14,0
DA:17,0
DA:19,0
DA:20,0
DA:21,0
DA:22,0
DA:24,0
DA:25,0
DA:26,0
DA:27,0
DA:28,0
DA:29,0
DA:30,0
DA:31,0
DA:32,0
DA:33,0
DA:34,0
DA:35,0
DA:36,0
DA:37,0
DA:38,0
DA:39,0
DA:40,0
DA:41,0
DA:42,0
DA:43,0
DA:44,0
DA:45,0
DA:46,0
DA:47,0
DA:48,0
DA:49,0
DA:50,0
DA:51,0
DA:52,0
DA:53,0
DA:54,0
DA:56,0
DA:57,0
DA:58,0
DA:59,0
DA:60,0
DA:62,0
DA:63,0
DA:65,0
DA:66,0
DA:67,0
DA:68,0
DA:69,0
DA:70,0
DA:71,0
DA:73,0
DA:74,0
DA:75,0
DA:76,0
DA:78,0
DA:82,0
DA:83,0
DA:84,0
DA:85,0
DA:88,0
DA:89,0
DA:92,0
DA:94,0
DA:95,0
DA:98,0
DA:99,0
DA:100,0
DA:101,0
DA:102,0
DA:103,0
DA:104,0
DA:105,0
DA:106,0
DA:107,0
DA:108,0
DA:109,0
DA:110,0
DA:111,0
DA:112,0
DA:113,0
DA:114,0
DA:115,0
DA:116,0
DA:117,0
DA:118,0
DA:119,0
DA:120,0
DA:121,0
DA:122,0
DA:123,0
DA:126,0
DA:127,0
LH:0
LF:96
end_of_record
SF:C:\HR\Jaar 2\Software Construction\CargoHub\CargoHub\Services\OrderServices.cs
FN:252,MapOrderToDTO(CargoHub.Models.Order)
FN:287,UpdateOrderFields(CargoHub.Models.Order,CargoHub.Models.OrderWithItemsDTO)
FN:14,.ctor(CargoHub.AppDbContext)
FN:49,CreateOrder()
FN:228,DeleteOrder()
FN:31,GetAllOrdersWithItems()
FN:21,GetOrderWithItems()
FN:40,GetOrdersForClient()
FN:222,ItemExist()
FN:140,UpdateItemsInOrder()
FN:114,UpdateOrder()
FNDA:0,MapOrderToDTO(CargoHub.Models.Order)
FNDA:0,UpdateOrderFields(CargoHub.Models.Order,CargoHub.Models.OrderWithItemsDTO)
FNDA:0,.ctor(CargoHub.AppDbContext)
FNDA:0,CreateOrder()
FNDA:0,DeleteOrder()
FNDA:0,GetAllOrdersWithItems()
FNDA:0,GetOrderWithItems()
FNDA:0,GetOrdersForClient()
FNDA:0,ItemExist()
FNDA:0,UpdateItemsInOrder()
FNDA:0,UpdateOrder()
FNF:11
FNH:0
BRDA:56,56,252,-
BRDA:56,56,253,-
BRDA:60,60,254,-
BRDA:60,60,255,-
BRDA:67,67,256,-
BRDA:67,67,257,-
BRDA:73,73,258,-
BRDA:73,73,259,-
BRDA:80,80,260,-
BRDA:80,80,261,-
BRDA:85,85,262,-
BRDA:85,85,263,-
BRDA:234,234,264,-
BRDA:234,234,265,-
BRDA:236,236,266,-
BRDA:236,236,267,-
BRDA:239,239,268,-
BRDA:239,239,269,-
BRDA:142,142,270,-
BRDA:142,142,271,-
BRDA:144,144,272,-
BRDA:144,144,273,-
BRDA:155,155,274,-
BRDA:155,155,275,-
BRDA:161,161,276,-
BRDA:161,161,277,-
BRDA:164,164,278,-
BRDA:164,164,279,-
BRDA:168,168,280,-
BRDA:168,168,281,-
BRDA:170,170,282,-
BRDA:170,170,283,-
BRDA:178,178,284,-
BRDA:178,178,285,-
BRDA:180,180,286,-
BRDA:180,180,287,-
BRDA:187,187,288,-
BRDA:187,187,289,-
BRDA:190,190,290,-
BRDA:190,190,291,-
BRDA:193,193,292,-
BRDA:193,193,293,-
BRDA:196,196,294,-
BRDA:196,196,295,-
BRDA:210,210,296,-
BRDA:210,210,297,-
BRDA:118,118,298,-
BRDA:118,118,299,-
BRDA:128,128,300,-
BRDA:128,128,301,-
BRF:50
BRH:0
DA:14,0
DA:15,0
DA:16,0
DA:17,0
DA:21,0
DA:23,0
DA:24,0
DA:25,0
DA:26,0
DA:27,0
DA:31,0
DA:33,0
DA:34,0
DA:35,0
DA:36,0
DA:40,0
DA:42,0
DA:43,0
DA:44,0
DA:45,0
DA:49,0
DA:51,0
DA:53,0
DA:56,0
DA:57,0
DA:59,0
DA:60,0
DA:61,0
DA:62,0
DA:66,0
DA:67,0
DA:68,0
DA:69,0
DA:73,0
DA:74,0
DA:75,0
DA:77,0
DA:80,0
DA:81,0
DA:82,0
DA:85,0
DA:88,0
DA:89,0
DA:90,0
DA:91,0
DA:92,0
DA:93,0
DA:96,0
DA:97,0
DA:100,0
DA:102,0
DA:104,0
DA:105,0
DA:106,0
DA:107,0
DA:109,0
DA:114,0
DA:116,0
DA:118,0
DA:119,0
DA:120,0
DA:124,0
DA:127,0
DA:128,0
DA:129,0
DA:130,0
DA:134,0
DA:135,0
DA:136,0
DA:140,0
DA:142,0
DA:143,0
DA:144,0
DA:145,0
DA:146,0
DA:148,0
DA:151,0
DA:152,0
DA:153,0
DA:155,0
DA:156,0
DA:157,0
DA:161,0
DA:162,0
DA:163,0
DA:164,0
DA:165,0
DA:167,0
DA:168,0
DA:169,0
DA:170,0
DA:171,0
DA:172,0
DA:173,0
DA:175,0
DA:177,0
DA:178,0
DA:179,0
DA:180,0
DA:181,0
DA:182,0
DA:183,0
DA:184,0
DA:187,0
DA:188,0
DA:189,0
DA:190,0
DA:191,0
DA:192,0
DA:193,0
DA:194,0
DA:196,0
DA:197,0
DA:198,0
DA:202,0
DA:203,0
DA:204,0
DA:205,0
DA:206,0
DA:207,0
DA:209,0
DA:210,0
DA:211,0
DA:212,0
DA:213,0
DA:215,0
DA:216,0
DA:217,0
DA:222,0
DA:223,0
DA:224,0
DA:228,0
DA:229,0
DA:230,0
DA:231,0
DA:232,0
DA:234,0
DA:236,0
DA:237,0
DA:238,0
DA:239,0
DA:240,0
DA:241,0
DA:242,0
DA:243,0
DA:245,0
DA:246,0
DA:247,0
DA:248,0
DA:252,0
DA:254,0
DA:255,0
DA:256,0
DA:257,0
DA:258,0
DA:259,0
DA:260,0
DA:261,0
DA:262,0
DA:263,0
DA:264,0
DA:265,0
DA:266,0
DA:267,0
DA:268,0
DA:269,0
DA:270,0
DA:271,0
DA:272,0
DA:273,0
DA:274,0
DA:275,0
DA:276,0
DA:277,0
DA:278,0
DA:279,0
DA:280,0
DA:281,0
DA:282,0
DA:283,0
DA:287,0
DA:288,0
DA:289,0
DA:290,0
DA:291,0
DA:292,0
DA:293,0
DA:294,0
DA:295,0
DA:296,0
DA:297,0
DA:298,0
DA:299,0
DA:300,0
DA:301,0
DA:302,0
DA:303,0
DA:304,0
DA:305,0
LH:0
LF:199
end_of_record
SF:C:\HR\Jaar 2\Software Construction\CargoHub\CargoHub\Services\MontlyReportService.cs
FN:14,.ctor(CargoHub.AppDbContext)
FN:20,GenerateMonthlyReport()
FNDA:0,.ctor(CargoHub.AppDbContext)
FNDA:0,GenerateMonthlyReport()
FNF:2
FNH:0
BRDA:42,42,302,-
BRDA:42,42,303,-
BRDA:42,42,304,-
BRDA:42,42,305,-
BRDA:63,63,306,-
BRDA:63,63,307,-
BRF:6
BRH:0
DA:14,0
DA:15,0
DA:16,0
DA:17,0
DA:20,0
DA:22,0
DA:23,0
DA:24,0
DA:26,0
DA:29,0
DA:30,0
DA:31,0
DA:33,0
DA:36,0
DA:37,0
DA:38,0
DA:41,0
DA:42,0
DA:43,0
DA:44,0
DA:45,0
DA:48,0
DA:49,0
DA:50,0
DA:51,0
DA:52,0
DA:54,0
DA:55,0
DA:56,0
DA:57,0
DA:58,0
DA:59,0
DA:60,0
DA:61,0
DA:62,0
DA:63,0
DA:64,0
DA:65,0
DA:66,0
DA:67,0
DA:68,0
DA:69,0
DA:70,0
DA:71,0
DA:72,0
LH:0
LF:45
end_of_record
SF:C:\HR\Jaar 2\Software Construction\CargoHub\CargoHub\Services\ShipmentService.cs
FN:15,.ctor(CargoHub.AppDbContext)
FN:240,AssignOrdersToShipment()
FN:164,CreateShipment()
FN:306,DeleteShipment()
FN:22,GetAllShipmentsWithItems()
FN:66,GetShipmentByIdWithOrderDetails()
FN:116,GetShipmentItems()
FN:275,UpdateOrdersInShipment()
FN:180,UpdateShipmentFields()
FNDA:0,.ctor(CargoHub.AppDbContext)
FNDA:0,AssignOrdersToShipment()
FNDA:0,CreateShipment()
FNDA:0,DeleteShipment()
FNDA:0,GetAllShipmentsWithItems()
FNDA:0,GetShipmentByIdWithOrderDetails()
FNDA:0,GetShipmentItems()
FNDA:0,UpdateOrdersInShipment()
FNDA:0,UpdateShipmentFields()
FNF:9
FNH:0
BRDA:246,246,308,-
BRDA:246,246,309,-
BRDA:256,256,310,-
BRDA:256,256,311,-
BRDA:262,262,312,-
BRDA:262,262,313,-
BRDA:308,308,314,-
BRDA:308,308,315,-
BRDA:314,314,316,-
BRDA:314,314,317,-
BRDA:74,74,318,-
BRDA:74,74,319,-
BRDA:124,124,320,-
BRDA:124,124,321,-
BRDA:280,280,322,-
BRDA:280,280,323,-
BRDA:282,282,324,-
BRDA:282,282,325,-
BRDA:290,290,326,-
BRDA:290,290,327,-
BRDA:293,293,328,-
BRDA:293,293,329,-
BRDA:186,186,330,-
BRDA:186,186,331,-
BRDA:192,192,332,-
BRDA:192,192,333,-
BRDA:192,192,334,-
BRDA:192,192,335,-
BRDA:192,192,336,-
BRDA:192,192,337,-
BRDA:199,199,338,-
BRDA:199,199,339,-
BRDA:206,206,340,-
BRDA:206,206,341,-
BRDA:206,206,342,-
BRDA:206,206,343,-
BRDA:206,206,344,-
BRDA:206,206,345,-
BRDA:211,211,346,-
BRDA:211,211,347,-
BRF:40
BRH:0
DA:15,0
DA:16,0
DA:17,0
DA:18,0
DA:22,0
DA:23,0
DA:24,0
DA:25,0
DA:26,0
DA:27,0
DA:30,0
DA:31,0
DA:32,0
DA:33,0
DA:34,0
DA:35,0
DA:36,0
DA:37,0
DA:38,0
DA:39,0
DA:40,0
DA:41,0
DA:42,0
DA:43,0
DA:44,0
DA:45,0
DA:46,0
DA:47,0
DA:48,0
DA:49,0
DA:50,0
DA:51,0
DA:52,0
DA:53,0
DA:54,0
DA:55,0
DA:56,0
DA:57,0
DA:58,0
DA:59,0
DA:61,0
DA:62,0
DA:66,0
DA:68,0
DA:69,0
DA:70,0
DA:71,0
DA:72,0
DA:74,0
DA:75,0
DA:76,0
DA:80,0
DA:81,0
DA:82,0
DA:83,0
DA:84,0
DA:85,0
DA:86,0
DA:87,0
DA:88,0
DA:89,0
DA:90,0
DA:91,0
DA:92,0
DA:93,0
DA:94,0
DA:95,0
DA:96,0
DA:97,0
DA:98,0
DA:99,0
DA:100,0
DA:101,0
DA:102,0
DA:103,0
DA:104,0
DA:105,0
DA:106,0
DA:107,0
DA:108,0
DA:109,0
DA:111,0
DA:112,0
DA:116,0
DA:118,0
DA:119,0
DA:120,0
DA:121,0
DA:122,0
DA:124,0
DA:125,0
DA:126,0
DA:130,0
DA:131,0
DA:132,0
DA:133,0
DA:134,0
DA:135,0
DA:136,0
DA:137,0
DA:140,0
DA:141,0
DA:142,0
DA:143,0
DA:144,0
DA:145,0
DA:146,0
DA:147,0
DA:148,0
DA:149,0
DA:150,0
DA:151,0
DA:152,0
DA:153,0
DA:154,0
DA:155,0
DA:156,0
DA:157,0
DA:159,0
DA:160,0
DA:164,0
DA:166,0
DA:167,0
DA:168,0
DA:169,0
DA:171,0
DA:172,0
DA:173,0
DA:174,0
DA:176,0
DA:180,0
DA:182,0
DA:183,0
DA:184,0
DA:186,0
DA:187,0
DA:188,0
DA:192,0
DA:193,0
DA:194,0
DA:195,0
DA:196,0
DA:199,0
DA:200,0
DA:201,0
DA:202,0
DA:203,0
DA:206,0
DA:207,0
DA:208,0
DA:209,0
DA:211,0
DA:212,0
DA:213,0
DA:214,0
DA:215,0
DA:216,0
DA:219,0
DA:220,0
DA:221,0
DA:222,0
DA:223,0
DA:224,0
DA:225,0
DA:226,0
DA:227,0
DA:228,0
DA:229,0
DA:232,0
DA:233,0
DA:235,0
DA:236,0
DA:240,0
DA:242,0
DA:243,0
DA:244,0
DA:246,0
DA:247,0
DA:248,0
DA:252,0
DA:253,0
DA:254,0
DA:256,0
DA:257,0
DA:258,0
DA:262,0
DA:263,0
DA:264,0
DA:265,0
DA:267,0
DA:268,0
DA:269,0
DA:275,0
DA:276,0
DA:277,0
DA:278,0
DA:280,0
DA:281,0
DA:282,0
DA:283,0
DA:284,0
DA:285,0
DA:286,0
DA:287,0
DA:290,0
DA:291,0
DA:292,0
DA:293,0
DA:294,0
DA:295,0
DA:296,0
DA:297,0
DA:298,0
DA:300,0
DA:301,0
DA:302,0
DA:306,0
DA:307,0
DA:308,0
DA:309,0
DA:310,0
DA:313,0
DA:314,0
DA:315,0
DA:316,0
DA:317,0
DA:318,0
DA:319,0
DA:320,0
DA:321,0
DA:322,0
LH:0
LF:231
end_of_record
SF:C:\HR\Jaar 2\Software Construction\CargoHub\CargoHub\Services\SupplierService.cs
FN:9,.ctor(CargoHub.AppDbContext)
FN:46,DeleteSupplier()
FN:21,GetAllSuppliers()
FN:15,GetSupplier()
FN:34,PutSupplier()
FNDA:0,.ctor(CargoHub.AppDbContext)
FNDA:0,DeleteSupplier()
FNDA:0,GetAllSuppliers()
FNDA:0,GetSupplier()
FNDA:0,PutSupplier()
FNF:5
FNH:0
BRDA:48,48,348,-
BRDA:48,48,349,-
BRDA:36,36,350,-
BRDA:36,36,351,-
BRDA:42,42,352,-
BRDA:42,42,353,-
BRF:6
BRH:0
DA:9,0
DA:10,0
DA:11,0
DA:12,0
DA:15,0
DA:16,0
DA:17,0
DA:18,0
DA:21,0
DA:22,0
DA:23,0
DA:34,0
DA:35,0
DA:36,0
DA:38,0
DA:39,0
DA:41,0
DA:42,0
DA:43,0
DA:46,0
DA:47,0
DA:48,0
DA:49,0
DA:50,0
DA:51,0
DA:52,0
LH:0
LF:26
end_of_record
SF:C:\HR\Jaar 2\Software Construction\CargoHub\CargoHub\Services\TransferService.cs
FN:9,.ctor(CargoHub.AppDbContext)
FN:47,DeleteTransfer()
FN:21,GetAllTransfers()
FN:15,GetTransfer()
FN:34,PutTransfer()
FNDA:0,.ctor(CargoHub.AppDbContext)
FNDA:0,DeleteTransfer()
FNDA:0,GetAllTransfers()
FNDA:0,GetTransfer()
FNDA:0,PutTransfer()
FNF:5
FNH:0
BRDA:49,49,354,-
BRDA:49,49,355,-
BRDA:36,36,356,-
BRDA:36,36,357,-
BRDA:43,43,358,-
BRDA:43,43,359,-
BRF:6
BRH:0
DA:9,0
DA:10,0
DA:11,0
DA:12,0
DA:15,0
DA:16,0
DA:17,0
DA:18,0
DA:21,0
DA:22,0
DA:23,0
DA:34,0
DA:35,0
DA:36,0
DA:38,0
DA:39,0
DA:40,0
DA:42,0
DA:43,0
DA:44,0
DA:47,0
DA:48,0
DA:49,0
DA:50,0
DA:51,0
DA:52,0
DA:53,0
LH:0
LF:27
end_of_record
SF:C:\HR\Jaar 2\Software Construction\CargoHub\CargoHub\Services\WarehouseService.cs
FN:9,.ctor(CargoHub.AppDbContext)
FN:49,DeleteWarehouse()
FN:22,GetAllWarehouses()
FN:15,GetWarehouse()
FN:37,PutWarehouse()
FNDA:0,.ctor(CargoHub.AppDbContext)
FNDA:0,DeleteWarehouse()
FNDA:0,GetAllWarehouses()
FNDA:0,GetWarehouse()
FNDA:0,PutWarehouse()
FNF:5
FNH:0
BRDA:51,51,360,-
BRDA:51,51,361,-
BRDA:39,39,362,-
BRDA:39,39,363,-
BRDA:45,45,364,-
BRDA:45,45,365,-
BRF:6
BRH:0
DA:9,0
DA:10,0
DA:11,0
DA:12,0
DA:15,0
DA:16,0
DA:17,0
DA:18,0
DA:19,0
DA:22,0
DA:23,0
DA:24,0
DA:25,0
DA:26,0
DA:37,0
DA:38,0
DA:39,0
DA:41,0
DA:42,0
DA:44,0
DA:45,0
DA:46,0
DA:49,0
DA:50,0
DA:51,0
DA:52,0
DA:53,0
DA:54,0
DA:55,0
LH:0
LF:29
end_of_record
SF:C:\HR\Jaar 2\Software Construction\CargoHub\CargoHub\Program.cs
FN:6,<Main>$(System.String[])
FNDA:0,<Main>$(System.String[])
FNF:1
FNH:0
BRDA:37,37,366,-
BRDA:37,37,367,-
BRF:2
BRH:0
DA:6,0
DA:7,0
DA:8,0
DA:10,0
DA:11,0
DA:12,0
DA:13,0
DA:14,0
DA:15,0
DA:16,0
DA:17,0
DA:18,0
DA:19,0
DA:20,0
DA:21,0
DA:22,0
DA:25,0
DA:26,0
DA:28,0
DA:30,0
DA:31,0
DA:33,0
DA:37,0
DA:38,0
DA:39,0
DA:40,0
DA:41,0
DA:43,0
DA:44,0
DA:47,0
LH:0
LF:30
end_of_record
